2026-05-13T05:58:59.032975Z  INFO 池子扫描器启动：来源=grpc，间隔=60秒，输出=validated_pools.jsonl，最低流动性=$25000，单池15分钟交易>=5，单池15分钟成交额>=$50，近期窗口=300秒
2026-05-13T05:58:59.033052Z  INFO 启动 gRPC 池子索引：endpoint=127.0.0.1:10000，flush=5秒，programs=[PumpSwap=pAMMBay6oceH9fJKBRHGP5D4bD4sWpmSwMn52FMfXEA, Meteora=LBUZKhRxPF3XUpBCjp4YzTKgLccjZhTSDM9YuVaPwxo]
2026-05-13T05:58:59.033666Z  INFO gRPC 池子流已建立：接收 PumpSwap/Meteora startup 快照、账户更新和交易账户点查
2026-05-13T05:59:04.104036Z  INFO 保留双边池：币种=H74CYmXgMkYHYuSRsZt6RJb4NYp2u72Vw8BS5huApump，PumpSwap=1，Meteora=1
2026-05-13T05:59:04.104055Z  INFO 保留双边池：币种=32CdQdBUxbCsLy5AUHWmyidfwhgGUr9N573NBUrDpump，PumpSwap=1，Meteora=1
2026-05-13T05:59:04.104057Z  INFO 保留双边池：币种=6AVAUKa9uxQpruHZUinFECpXEh1usRVtzQWK8N2wpump，PumpSwap=1，Meteora=1
2026-05-13T05:59:04.104058Z  INFO 保留双边池：币种=CGEDT9QZDvvH5GmVkWJH2BXiMJqMJySC9ihWyr7Spump，PumpSwap=1，Meteora=1
2026-05-13T05:59:04.104060Z  INFO 保留双边池：币种=5UUH9RTDiSpq6HKS6bp4NdU9PNJpXRXuiw6ShBTBhgH2，PumpSwap=1，Meteora=1
2026-05-13T05:59:04.104062Z  INFO 保留双边池：币种=CB9dDufT3ZuQXqqSfa1c5kY935TEreyBw9XJXxHKpump，PumpSwap=1，Meteora=1
2026-05-13T05:59:04.104063Z  INFO 保留双边池：币种=6iA73gWCKkLWKbVr8rgibV57MMRxzsaqS9cWpgKBpump，PumpSwap=1，Meteora=1
2026-05-13T05:59:04.104065Z  INFO 保留双边池：币种=3KHMZhpthXuiCcgfTv7vVu9PpEz64KAEURFwi6Lopump，PumpSwap=1，Meteora=2
2026-05-13T05:59:04.104066Z  INFO 保留双边池：币种=8J69rbLTzWWgUJziFY8jeu5tDwEPBwUz4pKBMr5rpump，PumpSwap=1，Meteora=1
2026-05-13T05:59:04.104068Z  INFO 保留双边池：币种=7HgfXftRBBqsYtAEYcqjGLQrNJLL6Tww9ek4rE3Apump，PumpSwap=1，Meteora=2
2026-05-13T05:59:04.104069Z  INFO 保留双边池：币种=2tXpgu2DLTsPUf9zFmuZmA4xrYxXKBTpVq9wAM7hzs9y，PumpSwap=1，Meteora=2
2026-05-13T05:59:04.104071Z  INFO 保留双边池：币种=33eum82LaAhtv5YkUq1BdwEviSErH5CnFxqVNLT5pump，PumpSwap=1，Meteora=1
2026-05-13T05:59:04.104072Z  INFO 保留双边池：币种=Hon2rHAiqkcDtUzL5gA2vjXPr7T1MPCK2UT2AHKCpump，PumpSwap=1，Meteora=1
2026-05-13T05:59:04.104074Z  INFO 保留双边池：币种=ACtfUWtgvaXrQGNMiohTusi5jcx5RJf5zwu9aAxkpump，PumpSwap=1，Meteora=2
2026-05-13T05:59:04.104075Z  INFO 保留双边池：币种=J8PSdNP3QewKq2Z1JJJFDMaqF7KcaiJhR7gbr5KZpump，PumpSwap=1，Meteora=1
2026-05-13T05:59:04.104085Z  INFO gRPC 池子校验完成：候选=108(77/31)，流动性通过=53，验证通过=53(40/13)，本轮池子=0，保留池子=34，双边币种=15
2026-05-13T05:59:09.192680Z  INFO 保留双边池：币种=8J69rbLTzWWgUJziFY8jeu5tDwEPBwUz4pKBMr5rpump，PumpSwap=1，Meteora=1
2026-05-13T05:59:09.192695Z  INFO 保留双边池：币种=6iA73gWCKkLWKbVr8rgibV57MMRxzsaqS9cWpgKBpump，PumpSwap=1，Meteora=1
2026-05-13T05:59:09.192697Z  INFO 保留双边池：币种=CGEDT9QZDvvH5GmVkWJH2BXiMJqMJySC9ihWyr7Spump，PumpSwap=1，Meteora=1
2026-05-13T05:59:09.192698Z  INFO 保留双边池：币种=6AVAUKa9uxQpruHZUinFECpXEh1usRVtzQWK8N2wpump，PumpSwap=1，Meteora=1
2026-05-13T05:59:09.192702Z  INFO 保留双边池：币种=ACtfUWtgvaXrQGNMiohTusi5jcx5RJf5zwu9aAxkpump，PumpSwap=1，Meteora=2
2026-05-13T05:59:09.192703Z  INFO 保留双边池：币种=33eum82LaAhtv5YkUq1BdwEviSErH5CnFxqVNLT5pump，PumpSwap=1，Meteora=1
2026-05-13T05:59:09.192704Z  INFO 保留双边池：币种=CB9dDufT3ZuQXqqSfa1c5kY935TEreyBw9XJXxHKpump，PumpSwap=1，Meteora=1
2026-05-13T05:59:09.192705Z  INFO 保留双边池：币种=J8PSdNP3QewKq2Z1JJJFDMaqF7KcaiJhR7gbr5KZpump，PumpSwap=1，Meteora=1
2026-05-13T05:59:09.192706Z  INFO 保留双边池：币种=7HgfXftRBBqsYtAEYcqjGLQrNJLL6Tww9ek4rE3Apump，PumpSwap=1，Meteora=2
2026-05-13T05:59:09.192707Z  INFO 保留双边池：币种=Hon2rHAiqkcDtUzL5gA2vjXPr7T1MPCK2UT2AHKCpump，PumpSwap=1，Meteora=1
2026-05-13T05:59:09.192708Z  INFO 保留双边池：币种=H74CYmXgMkYHYuSRsZt6RJb4NYp2u72Vw8BS5huApump，PumpSwap=1，Meteora=1
2026-05-13T05:59:09.192710Z  INFO 保留双边池：币种=3KHMZhpthXuiCcgfTv7vVu9PpEz64KAEURFwi6Lopump，PumpSwap=1，Meteora=2
2026-05-13T05:59:09.192711Z  INFO 保留双边池：币种=32CdQdBUxbCsLy5AUHWmyidfwhgGUr9N573NBUrDpump，PumpSwap=1，Meteora=1
2026-05-13T05:59:09.192712Z  INFO 保留双边池：币种=2tXpgu2DLTsPUf9zFmuZmA4xrYxXKBTpVq9wAM7hzs9y，PumpSwap=1，Meteora=2
2026-05-13T05:59:09.192712Z  INFO 保留双边池：币种=5UUH9RTDiSpq6HKS6bp4NdU9PNJpXRXuiw6ShBTBhgH2，PumpSwap=1，Meteora=1
2026-05-13T05:59:09.192721Z  INFO gRPC 池子校验完成：候选=153(113/40)，流动性通过=64，验证通过=64(48/16)，本轮池子=0，保留池子=34，双边币种=15
2026-05-13T05:59:14.193692Z  INFO 保留双边池：币种=3KHMZhpthXuiCcgfTv7vVu9PpEz64KAEURFwi6Lopump，PumpSwap=1，Meteora=2
2026-05-13T05:59:14.193710Z  INFO 保留双边池：币种=CGEDT9QZDvvH5GmVkWJH2BXiMJqMJySC9ihWyr7Spump，PumpSwap=1，Meteora=1
2026-05-13T05:59:14.193712Z  INFO 保留双边池：币种=33eum82LaAhtv5YkUq1BdwEviSErH5CnFxqVNLT5pump，PumpSwap=1，Meteora=1
2026-05-13T05:59:14.193714Z  INFO 保留双边池：币种=H74CYmXgMkYHYuSRsZt6RJb4NYp2u72Vw8BS5huApump，PumpSwap=1，Meteora=1
2026-05-13T05:59:14.193715Z  INFO 保留双边池：币种=CB9dDufT3ZuQXqqSfa1c5kY935TEreyBw9XJXxHKpump，PumpSwap=1，Meteora=1
2026-05-13T05:59:14.193717Z  INFO 保留双边池：币种=J8PSdNP3QewKq2Z1JJJFDMaqF7KcaiJhR7gbr5KZpump，PumpSwap=1，Meteora=1
2026-05-13T05:59:14.193718Z  INFO 保留双边池：币种=2tXpgu2DLTsPUf9zFmuZmA4xrYxXKBTpVq9wAM7hzs9y，PumpSwap=1，Meteora=2
2026-05-13T05:59:14.193720Z  INFO 保留双边池：币种=8J69rbLTzWWgUJziFY8jeu5tDwEPBwUz4pKBMr5rpump，PumpSwap=1，Meteora=1
2026-05-13T05:59:14.193721Z  INFO 保留双边池：币种=ACtfUWtgvaXrQGNMiohTusi5jcx5RJf5zwu9aAxkpump，PumpSwap=1，Meteora=2
2026-05-13T05:59:14.193723Z  INFO 保留双边池：币种=32CdQdBUxbCsLy5AUHWmyidfwhgGUr9N573NBUrDpump，PumpSwap=1，Meteora=1
2026-05-13T05:59:14.193725Z  INFO 保留双边池：币种=6AVAUKa9uxQpruHZUinFECpXEh1usRVtzQWK8N2wpump，PumpSwap=1，Meteora=1
2026-05-13T05:59:14.193727Z  INFO 保留双边池：币种=5UUH9RTDiSpq6HKS6bp4NdU9PNJpXRXuiw6ShBTBhgH2，PumpSwap=1，Meteora=1
2026-05-13T05:59:14.193728Z  INFO 保留双边池：币种=Hon2rHAiqkcDtUzL5gA2vjXPr7T1MPCK2UT2AHKCpump，PumpSwap=1，Meteora=1
2026-05-13T05:59:14.193729Z  INFO 保留双边池：币种=6iA73gWCKkLWKbVr8rgibV57MMRxzsaqS9cWpgKBpump，PumpSwap=1，Meteora=1
2026-05-13T05:59:14.193731Z  INFO 保留双边池：币种=7HgfXftRBBqsYtAEYcqjGLQrNJLL6Tww9ek4rE3Apump，PumpSwap=1，Meteora=2
2026-05-13T05:59:14.193740Z  INFO gRPC 池子校验完成：候选=185(141/44)，流动性通过=72，验证通过=72(55/17)，本轮池子=0，保留池子=34，双边币种=15
2026-05-13T05:59:18.556269Z  INFO 保留双边池：币种=32CdQdBUxbCsLy5AUHWmyidfwhgGUr9N573NBUrDpump，PumpSwap=1，Meteora=1
2026-05-13T05:59:18.556286Z  INFO 保留双边池：币种=6AVAUKa9uxQpruHZUinFECpXEh1usRVtzQWK8N2wpump，PumpSwap=1，Meteora=1
2026-05-13T05:59:18.556289Z  INFO 保留双边池：币种=H74CYmXgMkYHYuSRsZt6RJb4NYp2u72Vw8BS5huApump，PumpSwap=1，Meteora=1
2026-05-13T05:59:18.556290Z  INFO 保留双边池：币种=CGEDT9QZDvvH5GmVkWJH2BXiMJqMJySC9ihWyr7Spump，PumpSwap=1，Meteora=1
2026-05-13T05:59:18.556292Z  INFO 保留双边池：币种=J8PSdNP3QewKq2Z1JJJFDMaqF7KcaiJhR7gbr5KZpump，PumpSwap=1，Meteora=1
2026-05-13T05:59:18.556293Z  INFO 保留双边池：币种=2tXpgu2DLTsPUf9zFmuZmA4xrYxXKBTpVq9wAM7hzs9y，PumpSwap=1，Meteora=2
2026-05-13T05:59:18.556294Z  INFO 保留双边池：币种=8J69rbLTzWWgUJziFY8jeu5tDwEPBwUz4pKBMr5rpump，PumpSwap=1，Meteora=1
2026-05-13T05:59:18.556296Z  INFO 保留双边池：币种=CB9dDufT3ZuQXqqSfa1c5kY935TEreyBw9XJXxHKpump，PumpSwap=1，Meteora=1
2026-05-13T05:59:18.556297Z  INFO 保留双边池：币种=5UUH9RTDiSpq6HKS6bp4NdU9PNJpXRXuiw6ShBTBhgH2，PumpSwap=1，Meteora=1
2026-05-13T05:59:18.556298Z  INFO 保留双边池：币种=3KHMZhpthXuiCcgfTv7vVu9PpEz64KAEURFwi6Lopump，PumpSwap=1，Meteora=2
2026-05-13T05:59:18.556302Z  INFO 保留双边池：币种=33eum82LaAhtv5YkUq1BdwEviSErH5CnFxqVNLT5pump，PumpSwap=1，Meteora=1
2026-05-13T05:59:18.556303Z  INFO 保留双边池：币种=7HgfXftRBBqsYtAEYcqjGLQrNJLL6Tww9ek4rE3Apump，PumpSwap=1，Meteora=2
2026-05-13T05:59:18.556305Z  INFO 保留双边池：币种=6iA73gWCKkLWKbVr8rgibV57MMRxzsaqS9cWpgKBpump，PumpSwap=1，Meteora=1
2026-05-13T05:59:18.556306Z  INFO 保留双边池：币种=ACtfUWtgvaXrQGNMiohTusi5jcx5RJf5zwu9aAxkpump，PumpSwap=1，Meteora=2
2026-05-13T05:59:18.556307Z  INFO 保留双边池：币种=Hon2rHAiqkcDtUzL5gA2vjXPr7T1MPCK2UT2AHKCpump，PumpSwap=1，Meteora=1
2026-05-13T05:59:18.556323Z  INFO gRPC 池子校验完成：候选=219(170/49)，流动性通过=85，验证通过=85(64/21)，本轮池子=2，保留池子=34，双边币种=15
2026-05-13T05:59:23.057885Z  INFO 保留双边池：币种=Hon2rHAiqkcDtUzL5gA2vjXPr7T1MPCK2UT2AHKCpump，PumpSwap=1，Meteora=1
2026-05-13T05:59:23.057900Z  INFO 保留双边池：币种=3KHMZhpthXuiCcgfTv7vVu9PpEz64KAEURFwi6Lopump，PumpSwap=1，Meteora=2
2026-05-13T05:59:23.057905Z  INFO 保留双边池：币种=ACtfUWtgvaXrQGNMiohTusi5jcx5RJf5zwu9aAxkpump，PumpSwap=1，Meteora=2
2026-05-13T05:59:23.057907Z  INFO 保留双边池：币种=32CdQdBUxbCsLy5AUHWmyidfwhgGUr9N573NBUrDpump，PumpSwap=1，Meteora=1
2026-05-13T05:59:23.057907Z  INFO 保留双边池：币种=CGEDT9QZDvvH5GmVkWJH2BXiMJqMJySC9ihWyr7Spump，PumpSwap=1，Meteora=1
2026-05-13T05:59:23.057908Z  INFO 保留双边池：币种=J8PSdNP3QewKq2Z1JJJFDMaqF7KcaiJhR7gbr5KZpump，PumpSwap=1，Meteora=1
2026-05-13T05:59:23.057909Z  INFO 保留双边池：币种=6iA73gWCKkLWKbVr8rgibV57MMRxzsaqS9cWpgKBpump，PumpSwap=1，Meteora=1
2026-05-13T05:59:23.057910Z  INFO 保留双边池：币种=7HgfXftRBBqsYtAEYcqjGLQrNJLL6Tww9ek4rE3Apump，PumpSwap=1，Meteora=2
2026-05-13T05:59:23.057910Z  INFO 保留双边池：币种=H74CYmXgMkYHYuSRsZt6RJb4NYp2u72Vw8BS5huApump，PumpSwap=1，Meteora=1
2026-05-13T05:59:23.057911Z  INFO 保留双边池：币种=6AVAUKa9uxQpruHZUinFECpXEh1usRVtzQWK8N2wpump，PumpSwap=1，Meteora=1
2026-05-13T05:59:23.057912Z  INFO 保留双边池：币种=CB9dDufT3ZuQXqqSfa1c5kY935TEreyBw9XJXxHKpump，PumpSwap=1，Meteora=1
2026-05-13T05:59:23.057913Z  INFO 保留双边池：币种=33eum82LaAhtv5YkUq1BdwEviSErH5CnFxqVNLT5pump，PumpSwap=1，Meteora=1
2026-05-13T05:59:23.057914Z  INFO 保留双边池：币种=8J69rbLTzWWgUJziFY8jeu5tDwEPBwUz4pKBMr5rpump，PumpSwap=1，Meteora=1
2026-05-13T05:59:23.057915Z  INFO 保留双边池：币种=5UUH9RTDiSpq6HKS6bp4NdU9PNJpXRXuiw6ShBTBhgH2，PumpSwap=1，Meteora=1
2026-05-13T05:59:23.057915Z  INFO 保留双边池：币种=2tXpgu2DLTsPUf9zFmuZmA4xrYxXKBTpVq9wAM7hzs9y，PumpSwap=1，Meteora=2
2026-05-13T05:59:23.057922Z  INFO gRPC 池子校验完成：候选=233(181/52)，流动性通过=87，验证通过=87(65/22)，本轮池子=5，保留池子=34，双边币种=15
2026-05-13T05:59:28.149351Z  INFO 保留双边池：币种=33eum82LaAhtv5YkUq1BdwEviSErH5CnFxqVNLT5pump，PumpSwap=1，Meteora=1
2026-05-13T05:59:28.149389Z  INFO 保留双边池：币种=6iA73gWCKkLWKbVr8rgibV57MMRxzsaqS9cWpgKBpump，PumpSwap=1，Meteora=1
2026-05-13T05:59:28.149398Z  INFO 保留双边池：币种=2tXpgu2DLTsPUf9zFmuZmA4xrYxXKBTpVq9wAM7hzs9y，PumpSwap=1，Meteora=2
2026-05-13T05:59:28.149400Z  INFO 保留双边池：币种=CB9dDufT3ZuQXqqSfa1c5kY935TEreyBw9XJXxHKpump，PumpSwap=1，Meteora=1
2026-05-13T05:59:28.149402Z  INFO 保留双边池：币种=7HgfXftRBBqsYtAEYcqjGLQrNJLL6Tww9ek4rE3Apump，PumpSwap=1，Meteora=2
2026-05-13T05:59:28.149404Z  INFO 保留双边池：币种=6AVAUKa9uxQpruHZUinFECpXEh1usRVtzQWK8N2wpump，PumpSwap=1，Meteora=1
2026-05-13T05:59:28.149406Z  INFO 保留双边池：币种=H74CYmXgMkYHYuSRsZt6RJb4NYp2u72Vw8BS5huApump，PumpSwap=1，Meteora=1
2026-05-13T05:59:28.149408Z  INFO 保留双边池：币种=J8PSdNP3QewKq2Z1JJJFDMaqF7KcaiJhR7gbr5KZpump，PumpSwap=1，Meteora=1
2026-05-13T05:59:28.149410Z  INFO 保留双边池：币种=32CdQdBUxbCsLy5AUHWmyidfwhgGUr9N573NBUrDpump，PumpSwap=1，Meteora=1
2026-05-13T05:59:28.149415Z  INFO 保留双边池：币种=3KHMZhpthXuiCcgfTv7vVu9PpEz64KAEURFwi6Lopump，PumpSwap=1，Meteora=2
2026-05-13T05:59:28.149416Z  INFO 保留双边池：币种=5UUH9RTDiSpq6HKS6bp4NdU9PNJpXRXuiw6ShBTBhgH2，PumpSwap=1，Meteora=1
2026-05-13T05:59:28.149418Z  INFO 保留双边池：币种=8J69rbLTzWWgUJziFY8jeu5tDwEPBwUz4pKBMr5rpump，PumpSwap=1，Meteora=1
2026-05-13T05:59:28.149419Z  INFO 保留双边池：币种=ACtfUWtgvaXrQGNMiohTusi5jcx5RJf5zwu9aAxkpump，PumpSwap=1，Meteora=2
2026-05-13T05:59:28.149420Z  INFO 保留双边池：币种=Hon2rHAiqkcDtUzL5gA2vjXPr7T1MPCK2UT2AHKCpump，PumpSwap=1，Meteora=1
2026-05-13T05:59:28.149421Z  INFO 保留双边池：币种=CGEDT9QZDvvH5GmVkWJH2BXiMJqMJySC9ihWyr7Spump，PumpSwap=1，Meteora=1
2026-05-13T05:59:28.149442Z  INFO gRPC 池子校验完成：候选=249(194/55)，流动性通过=93，验证通过=93(69/24)，本轮池子=5，保留池子=34，双边币种=15
2026-05-13T05:59:33.240678Z  INFO 保留双边池：币种=6iA73gWCKkLWKbVr8rgibV57MMRxzsaqS9cWpgKBpump，PumpSwap=1，Meteora=1
2026-05-13T05:59:33.240711Z  INFO 保留双边池：币种=8J69rbLTzWWgUJziFY8jeu5tDwEPBwUz4pKBMr5rpump，PumpSwap=1，Meteora=1
2026-05-13T05:59:33.240713Z  INFO 保留双边池：币种=32CdQdBUxbCsLy5AUHWmyidfwhgGUr9N573NBUrDpump，PumpSwap=1，Meteora=1
2026-05-13T05:59:33.240715Z  INFO 保留双边池：币种=ACtfUWtgvaXrQGNMiohTusi5jcx5RJf5zwu9aAxkpump，PumpSwap=1，Meteora=2
2026-05-13T05:59:33.240716Z  INFO 保留双边池：币种=3KHMZhpthXuiCcgfTv7vVu9PpEz64KAEURFwi6Lopump，PumpSwap=1，Meteora=2
2026-05-13T05:59:33.240717Z  INFO 保留双边池：币种=CB9dDufT3ZuQXqqSfa1c5kY935TEreyBw9XJXxHKpump，PumpSwap=1，Meteora=1
2026-05-13T05:59:33.240718Z  INFO 保留双边池：币种=J8PSdNP3QewKq2Z1JJJFDMaqF7KcaiJhR7gbr5KZpump，PumpSwap=1，Meteora=1
2026-05-13T05:59:33.240719Z  INFO 保留双边池：币种=5UUH9RTDiSpq6HKS6bp4NdU9PNJpXRXuiw6ShBTBhgH2，PumpSwap=1，Meteora=1
2026-05-13T05:59:33.240721Z  INFO 保留双边池：币种=7HgfXftRBBqsYtAEYcqjGLQrNJLL6Tww9ek4rE3Apump，PumpSwap=1，Meteora=2
2026-05-13T05:59:33.240722Z  INFO 保留双边池：币种=CGEDT9QZDvvH5GmVkWJH2BXiMJqMJySC9ihWyr7Spump，PumpSwap=1，Meteora=1
2026-05-13T05:59:33.240723Z  INFO 保留双边池：币种=Hon2rHAiqkcDtUzL5gA2vjXPr7T1MPCK2UT2AHKCpump，PumpSwap=1，Meteora=1
2026-05-13T05:59:33.240724Z  INFO 保留双边池：币种=6AVAUKa9uxQpruHZUinFECpXEh1usRVtzQWK8N2wpump，PumpSwap=1，Meteora=1
2026-05-13T05:59:33.240725Z  INFO 保留双边池：币种=33eum82LaAhtv5YkUq1BdwEviSErH5CnFxqVNLT5pump，PumpSwap=1，Meteora=1
2026-05-13T05:59:33.240726Z  INFO 保留双边池：币种=2tXpgu2DLTsPUf9zFmuZmA4xrYxXKBTpVq9wAM7hzs9y，PumpSwap=1，Meteora=2
2026-05-13T05:59:33.240727Z  INFO 保留双边池：币种=H74CYmXgMkYHYuSRsZt6RJb4NYp2u72Vw8BS5huApump，PumpSwap=1，Meteora=1
2026-05-13T05:59:33.240743Z  INFO gRPC 池子校验完成：候选=270(214/56)，流动性通过=99，验证通过=99(75/24)，本轮池子=5，保留池子=34，双边币种=15
2026-05-13T05:59:38.317746Z  INFO 保留双边池：币种=6AVAUKa9uxQpruHZUinFECpXEh1usRVtzQWK8N2wpump，PumpSwap=1，Meteora=1
2026-05-13T05:59:38.317761Z  INFO 保留双边池：币种=32CdQdBUxbCsLy5AUHWmyidfwhgGUr9N573NBUrDpump，PumpSwap=1，Meteora=1
2026-05-13T05:59:38.317762Z  INFO 保留双边池：币种=8J69rbLTzWWgUJziFY8jeu5tDwEPBwUz4pKBMr5rpump，PumpSwap=1，Meteora=1
2026-05-13T05:59:38.317763Z  INFO 保留双边池：币种=H74CYmXgMkYHYuSRsZt6RJb4NYp2u72Vw8BS5huApump，PumpSwap=1，Meteora=1
2026-05-13T05:59:38.317764Z  INFO 保留双边池：币种=33eum82LaAhtv5YkUq1BdwEviSErH5CnFxqVNLT5pump，PumpSwap=1，Meteora=1
2026-05-13T05:59:38.317765Z  INFO 保留双边池：币种=CB9dDufT3ZuQXqqSfa1c5kY935TEreyBw9XJXxHKpump，PumpSwap=1，Meteora=1
2026-05-13T05:59:38.317766Z  INFO 保留双边池：币种=Hon2rHAiqkcDtUzL5gA2vjXPr7T1MPCK2UT2AHKCpump，PumpSwap=1，Meteora=1
2026-05-13T05:59:38.317768Z  INFO 保留双边池：币种=J8PSdNP3QewKq2Z1JJJFDMaqF7KcaiJhR7gbr5KZpump，PumpSwap=1，Meteora=1
2026-05-13T05:59:38.317770Z  INFO 保留双边池：币种=3KHMZhpthXuiCcgfTv7vVu9PpEz64KAEURFwi6Lopump，PumpSwap=1，Meteora=2
2026-05-13T05:59:38.317771Z  INFO 保留双边池：币种=CGEDT9QZDvvH5GmVkWJH2BXiMJqMJySC9ihWyr7Spump，PumpSwap=1，Meteora=1
2026-05-13T05:59:38.317772Z  INFO 保留双边池：币种=2tXpgu2DLTsPUf9zFmuZmA4xrYxXKBTpVq9wAM7hzs9y，PumpSwap=1，Meteora=2
2026-05-13T05:59:38.317773Z  INFO 保留双边池：币种=6iA73gWCKkLWKbVr8rgibV57MMRxzsaqS9cWpgKBpump，PumpSwap=1，Meteora=1
2026-05-13T05:59:38.317773Z  INFO 保留双边池：币种=ACtfUWtgvaXrQGNMiohTusi5jcx5RJf5zwu9aAxkpump，PumpSwap=1，Meteora=2
2026-05-13T05:59:38.317774Z  INFO 保留双边池：币种=5UUH9RTDiSpq6HKS6bp4NdU9PNJpXRXuiw6ShBTBhgH2，PumpSwap=1，Meteora=1
2026-05-13T05:59:38.317775Z  INFO 保留双边池：币种=7HgfXftRBBqsYtAEYcqjGLQrNJLL6Tww9ek4rE3Apump，PumpSwap=1，Meteora=2
2026-05-13T05:59:38.317782Z  INFO gRPC 池子校验完成：候选=286(224/62)，流动性通过=102，验证通过=102(77/25)，本轮池子=5，保留池子=34，双边币种=15
2026-05-13T05:59:43.397864Z  INFO 保留双边池：币种=3KHMZhpthXuiCcgfTv7vVu9PpEz64KAEURFwi6Lopump，PumpSwap=1，Meteora=2
2026-05-13T05:59:43.397879Z  INFO 保留双边池：币种=J8PSdNP3QewKq2Z1JJJFDMaqF7KcaiJhR7gbr5KZpump，PumpSwap=1，Meteora=1
2026-05-13T05:59:43.397881Z  INFO 保留双边池：币种=CB9dDufT3ZuQXqqSfa1c5kY935TEreyBw9XJXxHKpump，PumpSwap=1，Meteora=1
2026-05-13T05:59:43.397882Z  INFO 保留双边池：币种=32CdQdBUxbCsLy5AUHWmyidfwhgGUr9N573NBUrDpump，PumpSwap=1，Meteora=1
2026-05-13T05:59:43.397883Z  INFO 保留双边池：币种=8J69rbLTzWWgUJziFY8jeu5tDwEPBwUz4pKBMr5rpump，PumpSwap=1，Meteora=1
2026-05-13T05:59:43.397883Z  INFO 保留双边池：币种=5UUH9RTDiSpq6HKS6bp4NdU9PNJpXRXuiw6ShBTBhgH2，PumpSwap=1，Meteora=1
2026-05-13T05:59:43.397884Z  INFO 保留双边池：币种=6AVAUKa9uxQpruHZUinFECpXEh1usRVtzQWK8N2wpump，PumpSwap=1，Meteora=1
2026-05-13T05:59:43.397885Z  INFO 保留双边池：币种=2tXpgu2DLTsPUf9zFmuZmA4xrYxXKBTpVq9wAM7hzs9y，PumpSwap=1，Meteora=2
2026-05-13T05:59:43.397886Z  INFO 保留双边池：币种=7HgfXftRBBqsYtAEYcqjGLQrNJLL6Tww9ek4rE3Apump，PumpSwap=1，Meteora=2
2026-05-13T05:59:43.397887Z  INFO 保留双边池：币种=CGEDT9QZDvvH5GmVkWJH2BXiMJqMJySC9ihWyr7Spump，PumpSwap=1，Meteora=1
2026-05-13T05:59:43.397887Z  INFO 保留双边池：币种=6iA73gWCKkLWKbVr8rgibV57MMRxzsaqS9cWpgKBpump，PumpSwap=1，Meteora=1
2026-05-13T05:59:43.397888Z  INFO 保留双边池：币种=33eum82LaAhtv5YkUq1BdwEviSErH5CnFxqVNLT5pump，PumpSwap=1，Meteora=1
2026-05-13T05:59:43.397889Z  INFO 保留双边池：币种=Hon2rHAiqkcDtUzL5gA2vjXPr7T1MPCK2UT2AHKCpump，PumpSwap=1，Meteora=1
2026-05-13T05:59:43.397890Z  INFO 保留双边池：币种=ACtfUWtgvaXrQGNMiohTusi5jcx5RJf5zwu9aAxkpump，PumpSwap=1，Meteora=2
2026-05-13T05:59:43.397890Z  INFO 保留双边池：币种=H74CYmXgMkYHYuSRsZt6RJb4NYp2u72Vw8BS5huApump，PumpSwap=1，Meteora=1
2026-05-13T05:59:43.397898Z  INFO gRPC 池子校验完成：候选=314(241/73)，流动性通过=108，验证通过=108(82/26)，本轮池子=5，保留池子=34，双边币种=15
2026-05-13T05:59:48.481313Z  INFO 保留双边池：币种=3KHMZhpthXuiCcgfTv7vVu9PpEz64KAEURFwi6Lopump，PumpSwap=1，Meteora=2
2026-05-13T05:59:48.481328Z  INFO 保留双边池：币种=J8PSdNP3QewKq2Z1JJJFDMaqF7KcaiJhR7gbr5KZpump，PumpSwap=1，Meteora=1
2026-05-13T05:59:48.481330Z  INFO 保留双边池：币种=6AVAUKa9uxQpruHZUinFECpXEh1usRVtzQWK8N2wpump，PumpSwap=1，Meteora=1
2026-05-13T05:59:48.481331Z  INFO 保留双边池：币种=Hon2rHAiqkcDtUzL5gA2vjXPr7T1MPCK2UT2AHKCpump，PumpSwap=1，Meteora=1
2026-05-13T05:59:48.481332Z  INFO 保留双边池：币种=CGEDT9QZDvvH5GmVkWJH2BXiMJqMJySC9ihWyr7Spump，PumpSwap=1，Meteora=1
2026-05-13T05:59:48.481332Z  INFO 保留双边池：币种=2tXpgu2DLTsPUf9zFmuZmA4xrYxXKBTpVq9wAM7hzs9y，PumpSwap=1，Meteora=2
2026-05-13T05:59:48.481333Z  INFO 保留双边池：币种=8J69rbLTzWWgUJziFY8jeu5tDwEPBwUz4pKBMr5rpump，PumpSwap=1，Meteora=1
2026-05-13T05:59:48.481336Z  INFO 保留双边池：币种=H74CYmXgMkYHYuSRsZt6RJb4NYp2u72Vw8BS5huApump，PumpSwap=1，Meteora=1
2026-05-13T05:59:48.481336Z  INFO 保留双边池：币种=33eum82LaAhtv5YkUq1BdwEviSErH5CnFxqVNLT5pump，PumpSwap=1，Meteora=1
2026-05-13T05:59:48.481337Z  INFO 保留双边池：币种=CB9dDufT3ZuQXqqSfa1c5kY935TEreyBw9XJXxHKpump，PumpSwap=1，Meteora=1
2026-05-13T05:59:48.481338Z  INFO 保留双边池：币种=6iA73gWCKkLWKbVr8rgibV57MMRxzsaqS9cWpgKBpump，PumpSwap=1，Meteora=1
2026-05-13T05:59:48.481339Z  INFO 保留双边池：币种=7HgfXftRBBqsYtAEYcqjGLQrNJLL6Tww9ek4rE3Apump，PumpSwap=1，Meteora=2
2026-05-13T05:59:48.481339Z  INFO 保留双边池：币种=ACtfUWtgvaXrQGNMiohTusi5jcx5RJf5zwu9aAxkpump，PumpSwap=1，Meteora=2
2026-05-13T05:59:48.481340Z  INFO 保留双边池：币种=32CdQdBUxbCsLy5AUHWmyidfwhgGUr9N573NBUrDpump，PumpSwap=1，Meteora=1
2026-05-13T05:59:48.481341Z  INFO 保留双边池：币种=5UUH9RTDiSpq6HKS6bp4NdU9PNJpXRXuiw6ShBTBhgH2，PumpSwap=1，Meteora=1
2026-05-13T05:59:48.481350Z  INFO gRPC 池子校验完成：候选=327(252/75)，流动性通过=111，验证通过=111(85/26)，本轮池子=5，保留池子=34，双边币种=15
2026-05-13T05:59:53.570435Z  INFO 保留双边池：币种=J8PSdNP3QewKq2Z1JJJFDMaqF7KcaiJhR7gbr5KZpump，PumpSwap=1，Meteora=1
2026-05-13T05:59:53.570455Z  INFO 保留双边池：币种=6AVAUKa9uxQpruHZUinFECpXEh1usRVtzQWK8N2wpump，PumpSwap=1，Meteora=1
2026-05-13T05:59:53.570457Z  INFO 保留双边池：币种=2tXpgu2DLTsPUf9zFmuZmA4xrYxXKBTpVq9wAM7hzs9y，PumpSwap=1，Meteora=2
2026-05-13T05:59:53.570459Z  INFO 保留双边池：币种=5UUH9RTDiSpq6HKS6bp4NdU9PNJpXRXuiw6ShBTBhgH2，PumpSwap=1，Meteora=1
2026-05-13T05:59:53.570460Z  INFO 保留双边池：币种=CGEDT9QZDvvH5GmVkWJH2BXiMJqMJySC9ihWyr7Spump，PumpSwap=1，Meteora=1
2026-05-13T05:59:53.570462Z  INFO 保留双边池：币种=32CdQdBUxbCsLy5AUHWmyidfwhgGUr9N573NBUrDpump，PumpSwap=1，Meteora=1
2026-05-13T05:59:53.570463Z  INFO 保留双边池：币种=H74CYmXgMkYHYuSRsZt6RJb4NYp2u72Vw8BS5huApump，PumpSwap=1，Meteora=1
2026-05-13T05:59:53.570465Z  INFO 保留双边池：币种=ACtfUWtgvaXrQGNMiohTusi5jcx5RJf5zwu9aAxkpump，PumpSwap=1，Meteora=2
2026-05-13T05:59:53.570466Z  INFO 保留双边池：币种=7HgfXftRBBqsYtAEYcqjGLQrNJLL6Tww9ek4rE3Apump，PumpSwap=1，Meteora=2
2026-05-13T05:59:53.570468Z  INFO 保留双边池：币种=8J69rbLTzWWgUJziFY8jeu5tDwEPBwUz4pKBMr5rpump，PumpSwap=1，Meteora=1
2026-05-13T05:59:53.570469Z  INFO 保留双边池：币种=CB9dDufT3ZuQXqqSfa1c5kY935TEreyBw9XJXxHKpump，PumpSwap=1，Meteora=1
2026-05-13T05:59:53.570471Z  INFO 保留双边池：币种=3KHMZhpthXuiCcgfTv7vVu9PpEz64KAEURFwi6Lopump，PumpSwap=1，Meteora=2
2026-05-13T05:59:53.570472Z  INFO 保留双边池：币种=6iA73gWCKkLWKbVr8rgibV57MMRxzsaqS9cWpgKBpump，PumpSwap=1，Meteora=1
2026-05-13T05:59:53.570473Z  INFO 保留双边池：币种=Hon2rHAiqkcDtUzL5gA2vjXPr7T1MPCK2UT2AHKCpump，PumpSwap=1，Meteora=1
2026-05-13T05:59:53.570475Z  INFO 保留双边池：币种=33eum82LaAhtv5YkUq1BdwEviSErH5CnFxqVNLT5pump，PumpSwap=1，Meteora=1
2026-05-13T05:59:53.570486Z  INFO gRPC 池子校验完成：候选=349(267/82)，流动性通过=114，验证通过=114(88/26)，本轮池子=5，保留池子=34，双边币种=15
2026-05-13T05:59:58.486104Z  INFO 保留双边池：币种=33eum82LaAhtv5YkUq1BdwEviSErH5CnFxqVNLT5pump，PumpSwap=1，Meteora=1
2026-05-13T05:59:58.486119Z  INFO 保留双边池：币种=2tXpgu2DLTsPUf9zFmuZmA4xrYxXKBTpVq9wAM7hzs9y，PumpSwap=1，Meteora=2
2026-05-13T05:59:58.486121Z  INFO 保留双边池：币种=ACtfUWtgvaXrQGNMiohTusi5jcx5RJf5zwu9aAxkpump，PumpSwap=1，Meteora=2
2026-05-13T05:59:58.486122Z  INFO 保留双边池：币种=H74CYmXgMkYHYuSRsZt6RJb4NYp2u72Vw8BS5huApump，PumpSwap=1，Meteora=1
2026-05-13T05:59:58.486124Z  INFO 保留双边池：币种=6AVAUKa9uxQpruHZUinFECpXEh1usRVtzQWK8N2wpump，PumpSwap=1，Meteora=1
2026-05-13T05:59:58.486125Z  INFO 保留双边池：币种=32CdQdBUxbCsLy5AUHWmyidfwhgGUr9N573NBUrDpump，PumpSwap=1，Meteora=1
2026-05-13T05:59:58.486128Z  INFO 保留双边池：币种=Hon2rHAiqkcDtUzL5gA2vjXPr7T1MPCK2UT2AHKCpump，PumpSwap=1，Meteora=1
2026-05-13T05:59:58.486129Z  INFO 保留双边池：币种=J8PSdNP3QewKq2Z1JJJFDMaqF7KcaiJhR7gbr5KZpump，PumpSwap=1，Meteora=1
2026-05-13T05:59:58.486130Z  INFO 保留双边池：币种=8J69rbLTzWWgUJziFY8jeu5tDwEPBwUz4pKBMr5rpump，PumpSwap=1，Meteora=1
2026-05-13T05:59:58.486132Z  INFO 保留双边池：币种=5UUH9RTDiSpq6HKS6bp4NdU9PNJpXRXuiw6ShBTBhgH2，PumpSwap=1，Meteora=1
2026-05-13T05:59:58.486133Z  INFO 保留双边池：币种=7HgfXftRBBqsYtAEYcqjGLQrNJLL6Tww9ek4rE3Apump，PumpSwap=1，Meteora=2
2026-05-13T05:59:58.486134Z  INFO 保留双边池：币种=3KHMZhpthXuiCcgfTv7vVu9PpEz64KAEURFwi6Lopump，PumpSwap=1，Meteora=2
2026-05-13T05:59:58.486135Z  INFO 保留双边池：币种=CGEDT9QZDvvH5GmVkWJH2BXiMJqMJySC9ihWyr7Spump，PumpSwap=1，Meteora=1
2026-05-13T05:59:58.486137Z  INFO 保留双边池：币种=CB9dDufT3ZuQXqqSfa1c5kY935TEreyBw9XJXxHKpump，PumpSwap=1，Meteora=1
2026-05-13T05:59:58.486138Z  INFO 保留双边池：币种=6iA73gWCKkLWKbVr8rgibV57MMRxzsaqS9cWpgKBpump，PumpSwap=1，Meteora=1
2026-05-13T05:59:58.486147Z  INFO gRPC 池子校验完成：候选=368(280/88)，流动性通过=119，验证通过=119(90/29)，本轮池子=5，保留池子=34，双边币种=15
2026-05-13T06:00:01.659641Z  INFO 保留双边池：币种=3KHMZhpthXuiCcgfTv7vVu9PpEz64KAEURFwi6Lopump，PumpSwap=1，Meteora=2
2026-05-13T06:00:01.659663Z  INFO 保留双边池：币种=H74CYmXgMkYHYuSRsZt6RJb4NYp2u72Vw8BS5huApump，PumpSwap=1，Meteora=1
2026-05-13T06:00:01.659666Z  INFO 保留双边池：币种=J8PSdNP3QewKq2Z1JJJFDMaqF7KcaiJhR7gbr5KZpump，PumpSwap=1，Meteora=1
2026-05-13T06:00:01.659667Z  INFO 保留双边池：币种=Hon2rHAiqkcDtUzL5gA2vjXPr7T1MPCK2UT2AHKCpump，PumpSwap=1，Meteora=1
2026-05-13T06:00:01.659668Z  INFO 保留双边池：币种=ACtfUWtgvaXrQGNMiohTusi5jcx5RJf5zwu9aAxkpump，PumpSwap=1，Meteora=2
2026-05-13T06:00:01.659669Z  INFO 保留双边池：币种=6iA73gWCKkLWKbVr8rgibV57MMRxzsaqS9cWpgKBpump，PumpSwap=1，Meteora=1
2026-05-13T06:00:01.659670Z  INFO 保留双边池：币种=CB9dDufT3ZuQXqqSfa1c5kY935TEreyBw9XJXxHKpump，PumpSwap=1，Meteora=1
2026-05-13T06:00:01.659671Z  INFO 保留双边池：币种=5UUH9RTDiSpq6HKS6bp4NdU9PNJpXRXuiw6ShBTBhgH2，PumpSwap=1，Meteora=1
2026-05-13T06:00:01.659672Z  INFO 保留双边池：币种=8J69rbLTzWWgUJziFY8jeu5tDwEPBwUz4pKBMr5rpump，PumpSwap=1，Meteora=1
2026-05-13T06:00:01.659672Z  INFO 保留双边池：币种=7HgfXftRBBqsYtAEYcqjGLQrNJLL6Tww9ek4rE3Apump，PumpSwap=1，Meteora=2
2026-05-13T06:00:01.659673Z  INFO 保留双边池：币种=6AVAUKa9uxQpruHZUinFECpXEh1usRVtzQWK8N2wpump，PumpSwap=1，Meteora=1
2026-05-13T06:00:01.659674Z  INFO 保留双边池：币种=2tXpgu2DLTsPUf9zFmuZmA4xrYxXKBTpVq9wAM7hzs9y，PumpSwap=1，Meteora=2
2026-05-13T06:00:01.659675Z  INFO 保留双边池：币种=CGEDT9QZDvvH5GmVkWJH2BXiMJqMJySC9ihWyr7Spump，PumpSwap=1，Meteora=1
2026-05-13T06:00:01.659676Z  INFO 保留双边池：币种=32CdQdBUxbCsLy5AUHWmyidfwhgGUr9N573NBUrDpump，PumpSwap=1，Meteora=1
2026-05-13T06:00:01.659676Z  INFO 保留双边池：币种=33eum82LaAhtv5YkUq1BdwEviSErH5CnFxqVNLT5pump，PumpSwap=1，Meteora=1
2026-05-13T06:00:01.659685Z  INFO gRPC 池子校验完成：候选=382(290/92)，流动性通过=125，验证通过=125(93/32)，本轮池子=7，保留池子=34，双边币种=15
2026-05-13T06:00:03.945015Z  INFO 保留双边池：币种=33eum82LaAhtv5YkUq1BdwEviSErH5CnFxqVNLT5pump，PumpSwap=1，Meteora=1
2026-05-13T06:00:03.945032Z  INFO 保留双边池：币种=2tXpgu2DLTsPUf9zFmuZmA4xrYxXKBTpVq9wAM7hzs9y，PumpSwap=1，Meteora=1
2026-05-13T06:00:03.945035Z  INFO 保留双边池：币种=7HgfXftRBBqsYtAEYcqjGLQrNJLL6Tww9ek4rE3Apump，PumpSwap=1，Meteora=2
2026-05-13T06:00:03.945041Z  INFO gRPC 池子校验完成：候选=396(301/95)，流动性通过=128，验证通过=128(95/33)，本轮池子=7，保留池子=7，双边币种=3
2026-05-13T06:00:05.811505Z  INFO 保留双边池：币种=2tXpgu2DLTsPUf9zFmuZmA4xrYxXKBTpVq9wAM7hzs9y，PumpSwap=1，Meteora=1
2026-05-13T06:00:05.811525Z  INFO 保留双边池：币种=33eum82LaAhtv5YkUq1BdwEviSErH5CnFxqVNLT5pump，PumpSwap=1，Meteora=1
2026-05-13T06:00:05.811528Z  INFO 保留双边池：币种=7HgfXftRBBqsYtAEYcqjGLQrNJLL6Tww9ek4rE3Apump，PumpSwap=1，Meteora=2
2026-05-13T06:00:05.811533Z  INFO gRPC 池子校验完成：候选=407(309/98)，流动性通过=129，验证通过=129(95/34)，本轮池子=7，保留池子=7，双边币种=3
2026-05-13T06:00:07.515454Z  INFO 保留双边池：币种=33eum82LaAhtv5YkUq1BdwEviSErH5CnFxqVNLT5pump，PumpSwap=1，Meteora=1
2026-05-13T06:00:07.515470Z  INFO 保留双边池：币种=7HgfXftRBBqsYtAEYcqjGLQrNJLL6Tww9ek4rE3Apump，PumpSwap=1，Meteora=2
2026-05-13T06:00:07.515471Z  INFO 保留双边池：币种=8J69rbLTzWWgUJziFY8jeu5tDwEPBwUz4pKBMr5rpump，PumpSwap=1，Meteora=1
2026-05-13T06:00:07.515472Z  INFO 保留双边池：币种=Hon2rHAiqkcDtUzL5gA2vjXPr7T1MPCK2UT2AHKCpump，PumpSwap=1，Meteora=1
2026-05-13T06:00:07.515473Z  INFO 保留双边池：币种=2tXpgu2DLTsPUf9zFmuZmA4xrYxXKBTpVq9wAM7hzs9y，PumpSwap=1，Meteora=1
2026-05-13T06:00:07.515479Z  INFO gRPC 池子校验完成：候选=422(319/103)，流动性通过=132，验证通过=132(96/36)，本轮池子=11，保留池子=11，双边币种=5
2026-05-13T06:00:09.781683Z  INFO 保留双边池：币种=Hon2rHAiqkcDtUzL5gA2vjXPr7T1MPCK2UT2AHKCpump，PumpSwap=1，Meteora=1
2026-05-13T06:00:09.781699Z  INFO 保留双边池：币种=8J69rbLTzWWgUJziFY8jeu5tDwEPBwUz4pKBMr5rpump，PumpSwap=1，Meteora=1
2026-05-13T06:00:09.781701Z  INFO 保留双边池：币种=33eum82LaAhtv5YkUq1BdwEviSErH5CnFxqVNLT5pump，PumpSwap=1，Meteora=1
2026-05-13T06:00:09.781703Z  INFO 保留双边池：币种=7HgfXftRBBqsYtAEYcqjGLQrNJLL6Tww9ek4rE3Apump，PumpSwap=1，Meteora=2
2026-05-13T06:00:09.781704Z  INFO 保留双边池：币种=2tXpgu2DLTsPUf9zFmuZmA4xrYxXKBTpVq9wAM7hzs9y，PumpSwap=1，Meteora=1
2026-05-13T06:00:09.781710Z  INFO gRPC 池子校验完成：候选=429(323/106)，流动性通过=134，验证通过=134(96/38)，本轮池子=11，保留池子=11，双边币种=5
2026-05-13T06:00:12.236577Z  INFO 保留双边池：币种=2tXpgu2DLTsPUf9zFmuZmA4xrYxXKBTpVq9wAM7hzs9y，PumpSwap=1，Meteora=2
2026-05-13T06:00:12.236601Z  INFO 保留双边池：币种=Hon2rHAiqkcDtUzL5gA2vjXPr7T1MPCK2UT2AHKCpump，PumpSwap=1，Meteora=1
2026-05-13T06:00:12.236603Z  INFO 保留双边池：币种=7HgfXftRBBqsYtAEYcqjGLQrNJLL6Tww9ek4rE3Apump，PumpSwap=1，Meteora=2
2026-05-13T06:00:12.236605Z  INFO 保留双边池：币种=33eum82LaAhtv5YkUq1BdwEviSErH5CnFxqVNLT5pump，PumpSwap=1，Meteora=1
2026-05-13T06:00:12.236606Z  INFO 保留双边池：币种=8J69rbLTzWWgUJziFY8jeu5tDwEPBwUz4pKBMr5rpump，PumpSwap=1，Meteora=1
2026-05-13T06:00:12.236611Z  INFO gRPC 池子校验完成：候选=436(329/107)，流动性通过=135，验证通过=135(97/38)，本轮池子=12，保留池子=12，双边币种=5
2026-05-13T06:00:14.939605Z  INFO 保留双边池：币种=33eum82LaAhtv5YkUq1BdwEviSErH5CnFxqVNLT5pump，PumpSwap=1，Meteora=1
2026-05-13T06:00:14.939628Z  INFO 保留双边池：币种=2tXpgu2DLTsPUf9zFmuZmA4xrYxXKBTpVq9wAM7hzs9y，PumpSwap=1，Meteora=2
2026-05-13T06:00:14.939629Z  INFO 保留双边池：币种=8J69rbLTzWWgUJziFY8jeu5tDwEPBwUz4pKBMr5rpump，PumpSwap=1，Meteora=1
2026-05-13T06:00:14.939631Z  INFO 保留双边池：币种=7HgfXftRBBqsYtAEYcqjGLQrNJLL6Tww9ek4rE3Apump，PumpSwap=1，Meteora=2
2026-05-13T06:00:14.939632Z  INFO 保留双边池：币种=Hon2rHAiqkcDtUzL5gA2vjXPr7T1MPCK2UT2AHKCpump，PumpSwap=1，Meteora=1
2026-05-13T06:00:14.939633Z  INFO 保留双边池：币种=CGEDT9QZDvvH5GmVkWJH2BXiMJqMJySC9ihWyr7Spump，PumpSwap=1，Meteora=1
2026-05-13T06:00:14.939639Z  INFO gRPC 池子校验完成：候选=441(333/108)，流动性通过=139，验证通过=139(100/39)，本轮池子=14，保留池子=14，双边币种=6
2026-05-13T06:00:18.374599Z  INFO 保留双边池：币种=7HgfXftRBBqsYtAEYcqjGLQrNJLL6Tww9ek4rE3Apump，PumpSwap=1，Meteora=2
2026-05-13T06:00:18.374618Z  INFO 保留双边池：币种=2tXpgu2DLTsPUf9zFmuZmA4xrYxXKBTpVq9wAM7hzs9y，PumpSwap=1，Meteora=2
2026-05-13T06:00:18.374622Z  INFO 保留双边池：币种=33eum82LaAhtv5YkUq1BdwEviSErH5CnFxqVNLT5pump，PumpSwap=1，Meteora=1
2026-05-13T06:00:18.374624Z  INFO 保留双边池：币种=CGEDT9QZDvvH5GmVkWJH2BXiMJqMJySC9ihWyr7Spump，PumpSwap=1，Meteora=1
2026-05-13T06:00:18.374625Z  INFO 保留双边池：币种=Hon2rHAiqkcDtUzL5gA2vjXPr7T1MPCK2UT2AHKCpump，PumpSwap=1，Meteora=1
2026-05-13T06:00:18.374626Z  INFO 保留双边池：币种=8J69rbLTzWWgUJziFY8jeu5tDwEPBwUz4pKBMr5rpump，PumpSwap=1，Meteora=1
2026-05-13T06:00:18.374633Z  INFO gRPC 池子校验完成：候选=454(346/108)，流动性通过=141，验证通过=141(102/39)，本轮池子=14，保留池子=14，双边币种=6
2026-05-13T06:00:22.032695Z  INFO 保留双边池：币种=2tXpgu2DLTsPUf9zFmuZmA4xrYxXKBTpVq9wAM7hzs9y，PumpSwap=1，Meteora=2
2026-05-13T06:00:22.032712Z  INFO 保留双边池：币种=CGEDT9QZDvvH5GmVkWJH2BXiMJqMJySC9ihWyr7Spump，PumpSwap=1，Meteora=1
2026-05-13T06:00:22.032714Z  INFO 保留双边池：币种=Hon2rHAiqkcDtUzL5gA2vjXPr7T1MPCK2UT2AHKCpump，PumpSwap=1，Meteora=1
2026-05-13T06:00:22.032715Z  INFO 保留双边池：币种=7HgfXftRBBqsYtAEYcqjGLQrNJLL6Tww9ek4rE3Apump，PumpSwap=1，Meteora=2
2026-05-13T06:00:22.032716Z  INFO 保留双边池：币种=33eum82LaAhtv5YkUq1BdwEviSErH5CnFxqVNLT5pump，PumpSwap=1，Meteora=1
2026-05-13T06:00:22.032717Z  INFO 保留双边池：币种=8J69rbLTzWWgUJziFY8jeu5tDwEPBwUz4pKBMr5rpump，PumpSwap=1，Meteora=1
2026-05-13T06:00:22.032723Z  INFO gRPC 池子校验完成：候选=466(352/114)，流动性通过=144，验证通过=144(104/40)，本轮池子=14，保留池子=14，双边币种=6
2026-05-13T06:00:25.731610Z  INFO 保留双边池：币种=7HgfXftRBBqsYtAEYcqjGLQrNJLL6Tww9ek4rE3Apump，PumpSwap=1，Meteora=2
2026-05-13T06:00:25.731644Z  INFO 保留双边池：币种=33eum82LaAhtv5YkUq1BdwEviSErH5CnFxqVNLT5pump，PumpSwap=1，Meteora=1
2026-05-13T06:00:25.731649Z  INFO 保留双边池：币种=2tXpgu2DLTsPUf9zFmuZmA4xrYxXKBTpVq9wAM7hzs9y，PumpSwap=1，Meteora=2
2026-05-13T06:00:25.731651Z  INFO 保留双边池：币种=8J69rbLTzWWgUJziFY8jeu5tDwEPBwUz4pKBMr5rpump，PumpSwap=1，Meteora=1
2026-05-13T06:00:25.731653Z  INFO 保留双边池：币种=CGEDT9QZDvvH5GmVkWJH2BXiMJqMJySC9ihWyr7Spump，PumpSwap=1，Meteora=1
2026-05-13T06:00:25.731655Z  INFO 保留双边池：币种=Hon2rHAiqkcDtUzL5gA2vjXPr7T1MPCK2UT2AHKCpump，PumpSwap=1，Meteora=1
2026-05-13T06:00:25.731665Z  INFO gRPC 池子校验完成：候选=479(359/120)，流动性通过=144，验证通过=144(104/40)，本轮池子=14，保留池子=14，双边币种=6
2026-05-13T06:00:29.628513Z  INFO 保留双边池：币种=Hon2rHAiqkcDtUzL5gA2vjXPr7T1MPCK2UT2AHKCpump，PumpSwap=1，Meteora=1
2026-05-13T06:00:29.628550Z  INFO 保留双边池：币种=8J69rbLTzWWgUJziFY8jeu5tDwEPBwUz4pKBMr5rpump，PumpSwap=1，Meteora=1
2026-05-13T06:00:29.628553Z  INFO 保留双边池：币种=7HgfXftRBBqsYtAEYcqjGLQrNJLL6Tww9ek4rE3Apump，PumpSwap=1，Meteora=2
2026-05-13T06:00:29.628555Z  INFO 保留双边池：币种=CGEDT9QZDvvH5GmVkWJH2BXiMJqMJySC9ihWyr7Spump，PumpSwap=1，Meteora=1
2026-05-13T06:00:29.628557Z  INFO 保留双边池：币种=33eum82LaAhtv5YkUq1BdwEviSErH5CnFxqVNLT5pump，PumpSwap=1，Meteora=1
2026-05-13T06:00:29.628558Z  INFO 保留双边池：币种=2tXpgu2DLTsPUf9zFmuZmA4xrYxXKBTpVq9wAM7hzs9y，PumpSwap=1，Meteora=2
2026-05-13T06:00:29.628571Z  INFO gRPC 池子校验完成：候选=487(363/124)，流动性通过=146，验证通过=146(104/42)，本轮池子=14，保留池子=14，双边币种=6
2026-05-13T06:00:33.599838Z  INFO 保留双边池：币种=Hon2rHAiqkcDtUzL5gA2vjXPr7T1MPCK2UT2AHKCpump，PumpSwap=1，Meteora=1
2026-05-13T06:00:33.599857Z  INFO 保留双边池：币种=33eum82LaAhtv5YkUq1BdwEviSErH5CnFxqVNLT5pump，PumpSwap=1，Meteora=1
2026-05-13T06:00:33.599860Z  INFO 保留双边池：币种=7HgfXftRBBqsYtAEYcqjGLQrNJLL6Tww9ek4rE3Apump，PumpSwap=1，Meteora=2
2026-05-13T06:00:33.599862Z  INFO 保留双边池：币种=CGEDT9QZDvvH5GmVkWJH2BXiMJqMJySC9ihWyr7Spump，PumpSwap=1，Meteora=1
2026-05-13T06:00:33.599866Z  INFO 保留双边池：币种=8J69rbLTzWWgUJziFY8jeu5tDwEPBwUz4pKBMr5rpump，PumpSwap=1，Meteora=1
2026-05-13T06:00:33.599867Z  INFO 保留双边池：币种=2tXpgu2DLTsPUf9zFmuZmA4xrYxXKBTpVq9wAM7hzs9y，PumpSwap=1，Meteora=2
2026-05-13T06:00:33.599874Z  INFO gRPC 池子校验完成：候选=499(373/126)，流动性通过=149，验证通过=149(107/42)，本轮池子=14，保留池子=14，双边币种=6
2026-05-13T06:00:37.889058Z  INFO 保留双边池：币种=CGEDT9QZDvvH5GmVkWJH2BXiMJqMJySC9ihWyr7Spump，PumpSwap=1，Meteora=1
2026-05-13T06:00:37.889074Z  INFO 保留双边池：币种=7HgfXftRBBqsYtAEYcqjGLQrNJLL6Tww9ek4rE3Apump，PumpSwap=1，Meteora=2
2026-05-13T06:00:37.889077Z  INFO 保留双边池：币种=33eum82LaAhtv5YkUq1BdwEviSErH5CnFxqVNLT5pump，PumpSwap=1，Meteora=1
2026-05-13T06:00:37.889078Z  INFO 保留双边池：币种=Hon2rHAiqkcDtUzL5gA2vjXPr7T1MPCK2UT2AHKCpump，PumpSwap=1，Meteora=1
2026-05-13T06:00:37.889080Z  INFO 保留双边池：币种=2tXpgu2DLTsPUf9zFmuZmA4xrYxXKBTpVq9wAM7hzs9y，PumpSwap=1，Meteora=2
2026-05-13T06:00:37.889081Z  INFO 保留双边池：币种=8J69rbLTzWWgUJziFY8jeu5tDwEPBwUz4pKBMr5rpump，PumpSwap=1，Meteora=1
2026-05-13T06:00:37.889088Z  INFO gRPC 池子校验完成：候选=513(383/130)，流动性通过=152，验证通过=152(110/42)，本轮池子=14，保留池子=14，双边币种=6
2026-05-13T06:00:43.030805Z  INFO 保留双边池：币种=2tXpgu2DLTsPUf9zFmuZmA4xrYxXKBTpVq9wAM7hzs9y，PumpSwap=1，Meteora=2
2026-05-13T06:00:43.030824Z  INFO 保留双边池：币种=8J69rbLTzWWgUJziFY8jeu5tDwEPBwUz4pKBMr5rpump，PumpSwap=1，Meteora=1
2026-05-13T06:00:43.030826Z  INFO 保留双边池：币种=CGEDT9QZDvvH5GmVkWJH2BXiMJqMJySC9ihWyr7Spump，PumpSwap=1，Meteora=1
2026-05-13T06:00:43.030827Z  INFO 保留双边池：币种=Hon2rHAiqkcDtUzL5gA2vjXPr7T1MPCK2UT2AHKCpump，PumpSwap=1，Meteora=1
2026-05-13T06:00:43.030828Z  INFO 保留双边池：币种=33eum82LaAhtv5YkUq1BdwEviSErH5CnFxqVNLT5pump，PumpSwap=1，Meteora=1
2026-05-13T06:00:43.030829Z  INFO 保留双边池：币种=7HgfXftRBBqsYtAEYcqjGLQrNJLL6Tww9ek4rE3Apump，PumpSwap=1，Meteora=2
2026-05-13T06:00:43.030835Z  INFO gRPC 池子校验完成：候选=520(388/132)，流动性通过=154，验证通过=154(112/42)，本轮池子=14，保留池子=14，双边币种=6
2026-05-13T06:00:47.207120Z  INFO 保留双边池：币种=33eum82LaAhtv5YkUq1BdwEviSErH5CnFxqVNLT5pump，PumpSwap=1，Meteora=1
2026-05-13T06:00:47.207178Z  INFO 保留双边池：币种=CGEDT9QZDvvH5GmVkWJH2BXiMJqMJySC9ihWyr7Spump，PumpSwap=1，Meteora=1
2026-05-13T06:00:47.207181Z  INFO 保留双边池：币种=Hon2rHAiqkcDtUzL5gA2vjXPr7T1MPCK2UT2AHKCpump，PumpSwap=1，Meteora=1
2026-05-13T06:00:47.207184Z  INFO 保留双边池：币种=8J69rbLTzWWgUJziFY8jeu5tDwEPBwUz4pKBMr5rpump，PumpSwap=1，Meteora=1
2026-05-13T06:00:47.207186Z  INFO 保留双边池：币种=7HgfXftRBBqsYtAEYcqjGLQrNJLL6Tww9ek4rE3Apump，PumpSwap=1，Meteora=2
2026-05-13T06:00:47.207188Z  INFO 保留双边池：币种=2tXpgu2DLTsPUf9zFmuZmA4xrYxXKBTpVq9wAM7hzs9y，PumpSwap=1，Meteora=2
2026-05-13T06:00:47.207200Z  INFO gRPC 池子校验完成：候选=533(397/136)，流动性通过=158，验证通过=158(114/44)，本轮池子=14，保留池子=14，双边币种=6
2026-05-13T06:00:51.216274Z  INFO 保留双边池：币种=8J69rbLTzWWgUJziFY8jeu5tDwEPBwUz4pKBMr5rpump，PumpSwap=1，Meteora=1
2026-05-13T06:00:51.216292Z  INFO 保留双边池：币种=CGEDT9QZDvvH5GmVkWJH2BXiMJqMJySC9ihWyr7Spump，PumpSwap=1，Meteora=1
2026-05-13T06:00:51.216295Z  INFO 保留双边池：币种=7HgfXftRBBqsYtAEYcqjGLQrNJLL6Tww9ek4rE3Apump，PumpSwap=1，Meteora=2
2026-05-13T06:00:51.216297Z  INFO 保留双边池：币种=Hon2rHAiqkcDtUzL5gA2vjXPr7T1MPCK2UT2AHKCpump，PumpSwap=1，Meteora=1
2026-05-13T06:00:51.216298Z  INFO 保留双边池：币种=2tXpgu2DLTsPUf9zFmuZmA4xrYxXKBTpVq9wAM7hzs9y，PumpSwap=1，Meteora=2
2026-05-13T06:00:51.216300Z  INFO 保留双边池：币种=33eum82LaAhtv5YkUq1BdwEviSErH5CnFxqVNLT5pump，PumpSwap=1，Meteora=1
2026-05-13T06:00:51.216311Z  INFO gRPC 池子校验完成：候选=541(400/141)，流动性通过=159，验证通过=159(115/44)，本轮池子=14，保留池子=14，双边币种=6
2026-05-13T06:00:55.179072Z  INFO 保留双边池：币种=8J69rbLTzWWgUJziFY8jeu5tDwEPBwUz4pKBMr5rpump，PumpSwap=1，Meteora=1
2026-05-13T06:00:55.179088Z  INFO 保留双边池：币种=CGEDT9QZDvvH5GmVkWJH2BXiMJqMJySC9ihWyr7Spump，PumpSwap=1，Meteora=1
2026-05-13T06:00:55.179090Z  INFO 保留双边池：币种=3KHMZhpthXuiCcgfTv7vVu9PpEz64KAEURFwi6Lopump，PumpSwap=1，Meteora=2
2026-05-13T06:00:55.179091Z  INFO 保留双边池：币种=7HgfXftRBBqsYtAEYcqjGLQrNJLL6Tww9ek4rE3Apump，PumpSwap=1，Meteora=2
2026-05-13T06:00:55.179092Z  INFO 保留双边池：币种=33eum82LaAhtv5YkUq1BdwEviSErH5CnFxqVNLT5pump，PumpSwap=1，Meteora=1
2026-05-13T06:00:55.179093Z  INFO 保留双边池：币种=Hon2rHAiqkcDtUzL5gA2vjXPr7T1MPCK2UT2AHKCpump，PumpSwap=1，Meteora=1
2026-05-13T06:00:55.179094Z  INFO 保留双边池：币种=2tXpgu2DLTsPUf9zFmuZmA4xrYxXKBTpVq9wAM7hzs9y，PumpSwap=1，Meteora=2
2026-05-13T06:00:55.179100Z  INFO gRPC 池子校验完成：候选=549(404/145)，流动性通过=160，验证通过=160(115/45)，本轮池子=17，保留池子=17，双边币种=7
2026-05-13T06:00:59.291352Z  INFO 保留双边池：币种=CGEDT9QZDvvH5GmVkWJH2BXiMJqMJySC9ihWyr7Spump，PumpSwap=1，Meteora=1
2026-05-13T06:00:59.291371Z  INFO 保留双边池：币种=33eum82LaAhtv5YkUq1BdwEviSErH5CnFxqVNLT5pump，PumpSwap=1，Meteora=1
2026-05-13T06:00:59.291373Z  INFO 保留双边池：币种=2tXpgu2DLTsPUf9zFmuZmA4xrYxXKBTpVq9wAM7hzs9y，PumpSwap=1，Meteora=2
2026-05-13T06:00:59.291374Z  INFO 保留双边池：币种=7HgfXftRBBqsYtAEYcqjGLQrNJLL6Tww9ek4rE3Apump，PumpSwap=1，Meteora=2
2026-05-13T06:00:59.291374Z  INFO 保留双边池：币种=8J69rbLTzWWgUJziFY8jeu5tDwEPBwUz4pKBMr5rpump，PumpSwap=1，Meteora=1
2026-05-13T06:00:59.291375Z  INFO 保留双边池：币种=6AVAUKa9uxQpruHZUinFECpXEh1usRVtzQWK8N2wpump，PumpSwap=1，Meteora=1
2026-05-13T06:00:59.291376Z  INFO 保留双边池：币种=3KHMZhpthXuiCcgfTv7vVu9PpEz64KAEURFwi6Lopump，PumpSwap=1，Meteora=2
2026-05-13T06:00:59.291377Z  INFO 保留双边池：币种=Hon2rHAiqkcDtUzL5gA2vjXPr7T1MPCK2UT2AHKCpump，PumpSwap=1，Meteora=1
2026-05-13T06:00:59.291383Z  INFO gRPC 池子校验完成：候选=561(415/146)，流动性通过=160，验证通过=160(115/45)，本轮池子=19，保留池子=19，双边币种=8
2026-05-13T06:01:03.039747Z  INFO 保留双边池：币种=3KHMZhpthXuiCcgfTv7vVu9PpEz64KAEURFwi6Lopump，PumpSwap=1，Meteora=2
2026-05-13T06:01:03.039766Z  INFO 保留双边池：币种=6AVAUKa9uxQpruHZUinFECpXEh1usRVtzQWK8N2wpump，PumpSwap=1，Meteora=1
2026-05-13T06:01:03.039768Z  INFO 保留双边池：币种=CGEDT9QZDvvH5GmVkWJH2BXiMJqMJySC9ihWyr7Spump，PumpSwap=1，Meteora=1
2026-05-13T06:01:03.039769Z  INFO 保留双边池：币种=7HgfXftRBBqsYtAEYcqjGLQrNJLL6Tww9ek4rE3Apump，PumpSwap=1，Meteora=2
2026-05-13T06:01:03.039770Z  INFO 保留双边池：币种=2tXpgu2DLTsPUf9zFmuZmA4xrYxXKBTpVq9wAM7hzs9y，PumpSwap=1，Meteora=2
2026-05-13T06:01:03.039771Z  INFO 保留双边池：币种=Hon2rHAiqkcDtUzL5gA2vjXPr7T1MPCK2UT2AHKCpump，PumpSwap=1，Meteora=1
2026-05-13T06:01:03.039772Z  INFO 保留双边池：币种=33eum82LaAhtv5YkUq1BdwEviSErH5CnFxqVNLT5pump，PumpSwap=1，Meteora=1
2026-05-13T06:01:03.039773Z  INFO 保留双边池：币种=8J69rbLTzWWgUJziFY8jeu5tDwEPBwUz4pKBMr5rpump，PumpSwap=1，Meteora=1
2026-05-13T06:01:03.039783Z  INFO gRPC 池子校验完成：候选=567(419/148)，流动性通过=163，验证通过=163(117/46)，本轮池子=19，保留池子=19，双边币种=8
2026-05-13T06:01:05.927312Z  INFO 保留双边池：币种=3KHMZhpthXuiCcgfTv7vVu9PpEz64KAEURFwi6Lopump，PumpSwap=1，Meteora=2
2026-05-13T06:01:05.927330Z  INFO 保留双边池：币种=8J69rbLTzWWgUJziFY8jeu5tDwEPBwUz4pKBMr5rpump，PumpSwap=1，Meteora=1
2026-05-13T06:01:05.927332Z  INFO 保留双边池：币种=EkDGB5fbPXiRmDDjxKcC7dFjzvFZj2KT9t7oeyyPx4SX，PumpSwap=1，Meteora=1
2026-05-13T06:01:05.927335Z  INFO 保留双边池：币种=7HgfXftRBBqsYtAEYcqjGLQrNJLL6Tww9ek4rE3Apump，PumpSwap=1，Meteora=2
2026-05-13T06:01:05.927336Z  INFO 保留双边池：币种=6AVAUKa9uxQpruHZUinFECpXEh1usRVtzQWK8N2wpump，PumpSwap=1，Meteora=1
2026-05-13T06:01:05.927336Z  INFO 保留双边池：币种=CGEDT9QZDvvH5GmVkWJH2BXiMJqMJySC9ihWyr7Spump，PumpSwap=1，Meteora=1
2026-05-13T06:01:05.927337Z  INFO 保留双边池：币种=Hon2rHAiqkcDtUzL5gA2vjXPr7T1MPCK2UT2AHKCpump，PumpSwap=1，Meteora=1
2026-05-13T06:01:05.927338Z  INFO 保留双边池：币种=2tXpgu2DLTsPUf9zFmuZmA4xrYxXKBTpVq9wAM7hzs9y，PumpSwap=1，Meteora=2
2026-05-13T06:01:05.927339Z  INFO 保留双边池：币种=33eum82LaAhtv5YkUq1BdwEviSErH5CnFxqVNLT5pump，PumpSwap=1，Meteora=1
2026-05-13T06:01:05.927347Z  INFO gRPC 池子校验完成：候选=575(421/154)，流动性通过=166，验证通过=166(117/49)，本轮池子=21，保留池子=21，双边币种=9
2026-05-13T06:01:10.885666Z  INFO 保留双边池：币种=33eum82LaAhtv5YkUq1BdwEviSErH5CnFxqVNLT5pump，PumpSwap=1，Meteora=1
2026-05-13T06:01:10.885683Z  INFO 保留双边池：币种=3KHMZhpthXuiCcgfTv7vVu9PpEz64KAEURFwi6Lopump，PumpSwap=1，Meteora=2
2026-05-13T06:01:10.885685Z  INFO 保留双边池：币种=6AVAUKa9uxQpruHZUinFECpXEh1usRVtzQWK8N2wpump，PumpSwap=1，Meteora=1
2026-05-13T06:01:10.885686Z  INFO 保留双边池：币种=7HgfXftRBBqsYtAEYcqjGLQrNJLL6Tww9ek4rE3Apump，PumpSwap=1，Meteora=2
2026-05-13T06:01:10.885686Z  INFO 保留双边池：币种=CGEDT9QZDvvH5GmVkWJH2BXiMJqMJySC9ihWyr7Spump，PumpSwap=1，Meteora=1
2026-05-13T06:01:10.885687Z  INFO 保留双边池：币种=Cm6fNnMk7NfzStP9CZpsQA2v3jjzbcYGAxdJySmHpump，PumpSwap=1，Meteora=1
2026-05-13T06:01:10.885688Z  INFO 保留双边池：币种=Hon2rHAiqkcDtUzL5gA2vjXPr7T1MPCK2UT2AHKCpump，PumpSwap=1，Meteora=1
2026-05-13T06:01:10.885689Z  INFO 保留双边池：币种=8J69rbLTzWWgUJziFY8jeu5tDwEPBwUz4pKBMr5rpump，PumpSwap=1，Meteora=1
2026-05-13T06:01:10.885690Z  INFO 保留双边池：币种=2tXpgu2DLTsPUf9zFmuZmA4xrYxXKBTpVq9wAM7hzs9y，PumpSwap=1，Meteora=2
2026-05-13T06:01:10.885690Z  INFO 保留双边池：币种=EkDGB5fbPXiRmDDjxKcC7dFjzvFZj2KT9t7oeyyPx4SX，PumpSwap=1，Meteora=1
2026-05-13T06:01:10.885697Z  INFO gRPC 池子校验完成：候选=583(428/155)，流动性通过=166，验证通过=166(117/49)，本轮池子=23，保留池子=23，双边币种=10
2026-05-13T06:01:15.988337Z  INFO 保留双边池：币种=CGEDT9QZDvvH5GmVkWJH2BXiMJqMJySC9ihWyr7Spump，PumpSwap=1，Meteora=1
2026-05-13T06:01:15.988359Z  INFO 保留双边池：币种=33eum82LaAhtv5YkUq1BdwEviSErH5CnFxqVNLT5pump，PumpSwap=1，Meteora=1
2026-05-13T06:01:15.988361Z  INFO 保留双边池：币种=Cm6fNnMk7NfzStP9CZpsQA2v3jjzbcYGAxdJySmHpump，PumpSwap=1，Meteora=1
2026-05-13T06:01:15.988363Z  INFO 保留双边池：币种=Hon2rHAiqkcDtUzL5gA2vjXPr7T1MPCK2UT2AHKCpump，PumpSwap=1，Meteora=1
2026-05-13T06:01:15.988364Z  INFO 保留双边池：币种=6AVAUKa9uxQpruHZUinFECpXEh1usRVtzQWK8N2wpump，PumpSwap=1，Meteora=1
2026-05-13T06:01:15.988365Z  INFO 保留双边池：币种=3KHMZhpthXuiCcgfTv7vVu9PpEz64KAEURFwi6Lopump，PumpSwap=1，Meteora=2
2026-05-13T06:01:15.988366Z  INFO 保留双边池：币种=8J69rbLTzWWgUJziFY8jeu5tDwEPBwUz4pKBMr5rpump，PumpSwap=1，Meteora=1
2026-05-13T06:01:15.988368Z  INFO 保留双边池：币种=2tXpgu2DLTsPUf9zFmuZmA4xrYxXKBTpVq9wAM7hzs9y，PumpSwap=1，Meteora=2
2026-05-13T06:01:15.988369Z  INFO 保留双边池：币种=EkDGB5fbPXiRmDDjxKcC7dFjzvFZj2KT9t7oeyyPx4SX，PumpSwap=1，Meteora=1
2026-05-13T06:01:15.988371Z  INFO 保留双边池：币种=7HgfXftRBBqsYtAEYcqjGLQrNJLL6Tww9ek4rE3Apump，PumpSwap=1，Meteora=2
2026-05-13T06:01:15.988379Z  INFO gRPC 池子校验完成：候选=603(445/158)，流动性通过=171，验证通过=171(122/49)，本轮池子=23，保留池子=23，双边币种=10
2026-05-13T06:01:21.348188Z  INFO 保留双边池：币种=33eum82LaAhtv5YkUq1BdwEviSErH5CnFxqVNLT5pump，PumpSwap=1，Meteora=1
2026-05-13T06:01:21.348210Z  INFO 保留双边池：币种=3KHMZhpthXuiCcgfTv7vVu9PpEz64KAEURFwi6Lopump，PumpSwap=1，Meteora=2
2026-05-13T06:01:21.348214Z  INFO 保留双边池：币种=7HgfXftRBBqsYtAEYcqjGLQrNJLL6Tww9ek4rE3Apump，PumpSwap=1，Meteora=2
2026-05-13T06:01:21.348215Z  INFO 保留双边池：币种=EkDGB5fbPXiRmDDjxKcC7dFjzvFZj2KT9t7oeyyPx4SX，PumpSwap=1，Meteora=1
2026-05-13T06:01:21.348215Z  INFO 保留双边池：币种=8J69rbLTzWWgUJziFY8jeu5tDwEPBwUz4pKBMr5rpump，PumpSwap=1，Meteora=1
2026-05-13T06:01:21.348216Z  INFO 保留双边池：币种=2tXpgu2DLTsPUf9zFmuZmA4xrYxXKBTpVq9wAM7hzs9y，PumpSwap=1，Meteora=2
2026-05-13T06:01:21.348217Z  INFO 保留双边池：币种=6AVAUKa9uxQpruHZUinFECpXEh1usRVtzQWK8N2wpump，PumpSwap=1，Meteora=1
2026-05-13T06:01:21.348218Z  INFO 保留双边池：币种=CGEDT9QZDvvH5GmVkWJH2BXiMJqMJySC9ihWyr7Spump，PumpSwap=1，Meteora=1
2026-05-13T06:01:21.348218Z  INFO 保留双边池：币种=Cm6fNnMk7NfzStP9CZpsQA2v3jjzbcYGAxdJySmHpump，PumpSwap=1，Meteora=1
2026-05-13T06:01:21.348219Z  INFO 保留双边池：币种=Hon2rHAiqkcDtUzL5gA2vjXPr7T1MPCK2UT2AHKCpump，PumpSwap=1，Meteora=1
2026-05-13T06:01:21.348229Z  INFO gRPC 池子校验完成：候选=616(453/163)，流动性通过=172，验证通过=172(123/49)，本轮池子=23，保留池子=23，双边币种=10
2026-05-13T06:01:25.280349Z  INFO 保留双边池：币种=3KHMZhpthXuiCcgfTv7vVu9PpEz64KAEURFwi6Lopump，PumpSwap=1，Meteora=2
2026-05-13T06:01:25.280365Z  INFO 保留双边池：币种=7HgfXftRBBqsYtAEYcqjGLQrNJLL6Tww9ek4rE3Apump，PumpSwap=1，Meteora=2
2026-05-13T06:01:25.280367Z  INFO 保留双边池：币种=CGEDT9QZDvvH5GmVkWJH2BXiMJqMJySC9ihWyr7Spump，PumpSwap=1，Meteora=1
2026-05-13T06:01:25.280368Z  INFO 保留双边池：币种=Hon2rHAiqkcDtUzL5gA2vjXPr7T1MPCK2UT2AHKCpump，PumpSwap=1，Meteora=1
2026-05-13T06:01:25.280369Z  INFO 保留双边池：币种=33eum82LaAhtv5YkUq1BdwEviSErH5CnFxqVNLT5pump，PumpSwap=1，Meteora=1
2026-05-13T06:01:25.280370Z  INFO 保留双边池：币种=EkDGB5fbPXiRmDDjxKcC7dFjzvFZj2KT9t7oeyyPx4SX，PumpSwap=1，Meteora=1
2026-05-13T06:01:25.280370Z  INFO 保留双边池：币种=6AVAUKa9uxQpruHZUinFECpXEh1usRVtzQWK8N2wpump，PumpSwap=1，Meteora=1
2026-05-13T06:01:25.280371Z  INFO 保留双边池：币种=2tXpgu2DLTsPUf9zFmuZmA4xrYxXKBTpVq9wAM7hzs9y，PumpSwap=1，Meteora=2
2026-05-13T06:01:25.280372Z  INFO 保留双边池：币种=8J69rbLTzWWgUJziFY8jeu5tDwEPBwUz4pKBMr5rpump，PumpSwap=1，Meteora=1
2026-05-13T06:01:25.280373Z  INFO 保留双边池：币种=Cm6fNnMk7NfzStP9CZpsQA2v3jjzbcYGAxdJySmHpump，PumpSwap=1，Meteora=1
2026-05-13T06:01:25.280383Z  INFO gRPC 池子校验完成：候选=624(460/164)，流动性通过=173，验证通过=173(123/50)，本轮池子=23，保留池子=23，双边币种=10
2026-05-13T06:01:29.772860Z  INFO 保留双边池：币种=Hon2rHAiqkcDtUzL5gA2vjXPr7T1MPCK2UT2AHKCpump，PumpSwap=1，Meteora=1
2026-05-13T06:01:29.772874Z  INFO 保留双边池：币种=3KHMZhpthXuiCcgfTv7vVu9PpEz64KAEURFwi6Lopump，PumpSwap=1，Meteora=2
2026-05-13T06:01:29.772876Z  INFO 保留双边池：币种=8J69rbLTzWWgUJziFY8jeu5tDwEPBwUz4pKBMr5rpump，PumpSwap=1，Meteora=1
2026-05-13T06:01:29.772878Z  INFO 保留双边池：币种=5UUH9RTDiSpq6HKS6bp4NdU9PNJpXRXuiw6ShBTBhgH2，PumpSwap=1，Meteora=1
2026-05-13T06:01:29.772879Z  INFO 保留双边池：币种=6AVAUKa9uxQpruHZUinFECpXEh1usRVtzQWK8N2wpump，PumpSwap=1，Meteora=1
2026-05-13T06:01:29.772880Z  INFO 保留双边池：币种=Cm6fNnMk7NfzStP9CZpsQA2v3jjzbcYGAxdJySmHpump，PumpSwap=1，Meteora=1
2026-05-13T06:01:29.772881Z  INFO 保留双边池：币种=2tXpgu2DLTsPUf9zFmuZmA4xrYxXKBTpVq9wAM7hzs9y，PumpSwap=1，Meteora=2
2026-05-13T06:01:29.772882Z  INFO 保留双边池：币种=7HgfXftRBBqsYtAEYcqjGLQrNJLL6Tww9ek4rE3Apump，PumpSwap=1，Meteora=2
2026-05-13T06:01:29.772884Z  INFO 保留双边池：币种=33eum82LaAhtv5YkUq1BdwEviSErH5CnFxqVNLT5pump，PumpSwap=1，Meteora=1
2026-05-13T06:01:29.772885Z  INFO 保留双边池：币种=CGEDT9QZDvvH5GmVkWJH2BXiMJqMJySC9ihWyr7Spump，PumpSwap=1，Meteora=1
2026-05-13T06:01:29.772889Z  INFO 保留双边池：币种=EkDGB5fbPXiRmDDjxKcC7dFjzvFZj2KT9t7oeyyPx4SX，PumpSwap=1，Meteora=1
2026-05-13T06:01:29.772896Z  INFO gRPC 池子校验完成：候选=641(472/169)，流动性通过=177，验证通过=177(127/50)，本轮池子=25，保留池子=25，双边币种=11
2026-05-13T06:01:32.215003Z  INFO 保留双边池：币种=2tXpgu2DLTsPUf9zFmuZmA4xrYxXKBTpVq9wAM7hzs9y，PumpSwap=1，Meteora=2
2026-05-13T06:01:32.215020Z  INFO 保留双边池：币种=8J69rbLTzWWgUJziFY8jeu5tDwEPBwUz4pKBMr5rpump，PumpSwap=1，Meteora=1
2026-05-13T06:01:32.215023Z  INFO 保留双边池：币种=33eum82LaAhtv5YkUq1BdwEviSErH5CnFxqVNLT5pump，PumpSwap=1，Meteora=1
2026-05-13T06:01:32.215025Z  INFO 保留双边池：币种=3KHMZhpthXuiCcgfTv7vVu9PpEz64KAEURFwi6Lopump，PumpSwap=1，Meteora=2
2026-05-13T06:01:32.215027Z  INFO 保留双边池：币种=6AVAUKa9uxQpruHZUinFECpXEh1usRVtzQWK8N2wpump，PumpSwap=1，Meteora=1
2026-05-13T06:01:32.215028Z  INFO 保留双边池：币种=CGEDT9QZDvvH5GmVkWJH2BXiMJqMJySC9ihWyr7Spump，PumpSwap=1，Meteora=1
2026-05-13T06:01:32.215029Z  INFO 保留双边池：币种=EkDGB5fbPXiRmDDjxKcC7dFjzvFZj2KT9t7oeyyPx4SX，PumpSwap=1，Meteora=1
2026-05-13T06:01:32.215031Z  INFO 保留双边池：币种=5UUH9RTDiSpq6HKS6bp4NdU9PNJpXRXuiw6ShBTBhgH2，PumpSwap=1，Meteora=1
2026-05-13T06:01:32.215032Z  INFO 保留双边池：币种=7HgfXftRBBqsYtAEYcqjGLQrNJLL6Tww9ek4rE3Apump，PumpSwap=1，Meteora=2
2026-05-13T06:01:32.215033Z  INFO 保留双边池：币种=Cm6fNnMk7NfzStP9CZpsQA2v3jjzbcYGAxdJySmHpump，PumpSwap=1，Meteora=1
2026-05-13T06:01:32.215035Z  INFO 保留双边池：币种=Hon2rHAiqkcDtUzL5gA2vjXPr7T1MPCK2UT2AHKCpump，PumpSwap=1，Meteora=1
2026-05-13T06:01:32.215041Z  INFO gRPC 池子校验完成：候选=649(477/172)，流动性通过=179，验证通过=179(128/51)，本轮池子=25，保留池子=25，双边币种=11
2026-05-13T06:01:35.696082Z  INFO 保留双边池：币种=5UUH9RTDiSpq6HKS6bp4NdU9PNJpXRXuiw6ShBTBhgH2，PumpSwap=1，Meteora=1
2026-05-13T06:01:35.696100Z  INFO 保留双边池：币种=Hon2rHAiqkcDtUzL5gA2vjXPr7T1MPCK2UT2AHKCpump，PumpSwap=1，Meteora=1
2026-05-13T06:01:35.696102Z  INFO 保留双边池：币种=EkDGB5fbPXiRmDDjxKcC7dFjzvFZj2KT9t7oeyyPx4SX，PumpSwap=1，Meteora=1
2026-05-13T06:01:35.696104Z  INFO 保留双边池：币种=2tXpgu2DLTsPUf9zFmuZmA4xrYxXKBTpVq9wAM7hzs9y，PumpSwap=1，Meteora=2
2026-05-13T06:01:35.696105Z  INFO 保留双边池：币种=33eum82LaAhtv5YkUq1BdwEviSErH5CnFxqVNLT5pump，PumpSwap=1，Meteora=1
2026-05-13T06:01:35.696107Z  INFO 保留双边池：币种=3KHMZhpthXuiCcgfTv7vVu9PpEz64KAEURFwi6Lopump，PumpSwap=1，Meteora=2
2026-05-13T06:01:35.696108Z  INFO 保留双边池：币种=7HgfXftRBBqsYtAEYcqjGLQrNJLL6Tww9ek4rE3Apump，PumpSwap=1，Meteora=2
2026-05-13T06:01:35.696109Z  INFO 保留双边池：币种=6AVAUKa9uxQpruHZUinFECpXEh1usRVtzQWK8N2wpump，PumpSwap=1，Meteora=1
2026-05-13T06:01:35.696111Z  INFO 保留双边池：币种=8J69rbLTzWWgUJziFY8jeu5tDwEPBwUz4pKBMr5rpump，PumpSwap=1，Meteora=1
2026-05-13T06:01:35.696112Z  INFO 保留双边池：币种=CGEDT9QZDvvH5GmVkWJH2BXiMJqMJySC9ihWyr7Spump，PumpSwap=1，Meteora=1
2026-05-13T06:01:35.696113Z  INFO 保留双边池：币种=Cm6fNnMk7NfzStP9CZpsQA2v3jjzbcYGAxdJySmHpump，PumpSwap=1，Meteora=1
2026-05-13T06:01:35.696122Z  INFO gRPC 池子校验完成：候选=661(484/177)，流动性通过=180，验证通过=180(128/52)，本轮池子=25，保留池子=25，双边币种=11
2026-05-13T06:01:39.497283Z  INFO 保留双边池：币种=7HgfXftRBBqsYtAEYcqjGLQrNJLL6Tww9ek4rE3Apump，PumpSwap=1，Meteora=2
2026-05-13T06:01:39.497306Z  INFO 保留双边池：币种=8J69rbLTzWWgUJziFY8jeu5tDwEPBwUz4pKBMr5rpump，PumpSwap=1，Meteora=1
2026-05-13T06:01:39.497308Z  INFO 保留双边池：币种=3KHMZhpthXuiCcgfTv7vVu9PpEz64KAEURFwi6Lopump，PumpSwap=1，Meteora=2
2026-05-13T06:01:39.497309Z  INFO 保留双边池：币种=33eum82LaAhtv5YkUq1BdwEviSErH5CnFxqVNLT5pump，PumpSwap=1，Meteora=1
2026-05-13T06:01:39.497311Z  INFO 保留双边池：币种=CGEDT9QZDvvH5GmVkWJH2BXiMJqMJySC9ihWyr7Spump，PumpSwap=1，Meteora=1
2026-05-13T06:01:39.497314Z  INFO 保留双边池：币种=Hon2rHAiqkcDtUzL5gA2vjXPr7T1MPCK2UT2AHKCpump，PumpSwap=1，Meteora=1
2026-05-13T06:01:39.497315Z  INFO 保留双边池：币种=2tXpgu2DLTsPUf9zFmuZmA4xrYxXKBTpVq9wAM7hzs9y，PumpSwap=1，Meteora=2
2026-05-13T06:01:39.497316Z  INFO 保留双边池：币种=5UUH9RTDiSpq6HKS6bp4NdU9PNJpXRXuiw6ShBTBhgH2，PumpSwap=1，Meteora=1
2026-05-13T06:01:39.497318Z  INFO 保留双边池：币种=6AVAUKa9uxQpruHZUinFECpXEh1usRVtzQWK8N2wpump，PumpSwap=1，Meteora=1
2026-05-13T06:01:39.497319Z  INFO 保留双边池：币种=Cm6fNnMk7NfzStP9CZpsQA2v3jjzbcYGAxdJySmHpump，PumpSwap=1，Meteora=1
2026-05-13T06:01:39.497320Z  INFO 保留双边池：币种=EkDGB5fbPXiRmDDjxKcC7dFjzvFZj2KT9t7oeyyPx4SX，PumpSwap=1，Meteora=1
2026-05-13T06:01:39.497328Z  INFO gRPC 池子校验完成：候选=671(490/181)，流动性通过=183，验证通过=183(130/53)，本轮池子=25，保留池子=25，双边币种=11
2026-05-13T06:01:43.243591Z  INFO 保留双边池：币种=CGEDT9QZDvvH5GmVkWJH2BXiMJqMJySC9ihWyr7Spump，PumpSwap=1，Meteora=1
2026-05-13T06:01:43.243610Z  INFO 保留双边池：币种=EkDGB5fbPXiRmDDjxKcC7dFjzvFZj2KT9t7oeyyPx4SX，PumpSwap=1，Meteora=1
2026-05-13T06:01:43.243612Z  INFO 保留双边池：币种=3KHMZhpthXuiCcgfTv7vVu9PpEz64KAEURFwi6Lopump，PumpSwap=1，Meteora=2
2026-05-13T06:01:43.243613Z  INFO 保留双边池：币种=6AVAUKa9uxQpruHZUinFECpXEh1usRVtzQWK8N2wpump，PumpSwap=1，Meteora=1
2026-05-13T06:01:43.243614Z  INFO 保留双边池：币种=7HgfXftRBBqsYtAEYcqjGLQrNJLL6Tww9ek4rE3Apump，PumpSwap=1，Meteora=2
2026-05-13T06:01:43.243614Z  INFO 保留双边池：币种=2tXpgu2DLTsPUf9zFmuZmA4xrYxXKBTpVq9wAM7hzs9y，PumpSwap=1，Meteora=2
2026-05-13T06:01:43.243615Z  INFO 保留双边池：币种=Cm6fNnMk7NfzStP9CZpsQA2v3jjzbcYGAxdJySmHpump，PumpSwap=1，Meteora=1
2026-05-13T06:01:43.243616Z  INFO 保留双边池：币种=33eum82LaAhtv5YkUq1BdwEviSErH5CnFxqVNLT5pump，PumpSwap=1，Meteora=1
2026-05-13T06:01:43.243617Z  INFO 保留双边池：币种=5UUH9RTDiSpq6HKS6bp4NdU9PNJpXRXuiw6ShBTBhgH2，PumpSwap=1，Meteora=1
2026-05-13T06:01:43.243617Z  INFO 保留双边池：币种=Hon2rHAiqkcDtUzL5gA2vjXPr7T1MPCK2UT2AHKCpump，PumpSwap=1，Meteora=1
2026-05-13T06:01:43.243618Z  INFO 保留双边池：币种=8J69rbLTzWWgUJziFY8jeu5tDwEPBwUz4pKBMr5rpump，PumpSwap=1，Meteora=1
2026-05-13T06:01:43.243627Z  INFO gRPC 池子校验完成：候选=676(493/183)，流动性通过=185，验证通过=185(131/54)，本轮池子=25，保留池子=25，双边币种=11
2026-05-13T06:01:46.481353Z  INFO 保留双边池：币种=2tXpgu2DLTsPUf9zFmuZmA4xrYxXKBTpVq9wAM7hzs9y，PumpSwap=1，Meteora=2
2026-05-13T06:01:46.481389Z  INFO 保留双边池：币种=33eum82LaAhtv5YkUq1BdwEviSErH5CnFxqVNLT5pump，PumpSwap=1，Meteora=1
2026-05-13T06:01:46.481398Z  INFO 保留双边池：币种=3KHMZhpthXuiCcgfTv7vVu9PpEz64KAEURFwi6Lopump，PumpSwap=1，Meteora=2
2026-05-13T06:01:46.481400Z  INFO 保留双边池：币种=Cm6fNnMk7NfzStP9CZpsQA2v3jjzbcYGAxdJySmHpump，PumpSwap=1，Meteora=1
2026-05-13T06:01:46.481402Z  INFO 保留双边池：币种=5UUH9RTDiSpq6HKS6bp4NdU9PNJpXRXuiw6ShBTBhgH2，PumpSwap=1，Meteora=1
2026-05-13T06:01:46.481403Z  INFO 保留双边池：币种=6AVAUKa9uxQpruHZUinFECpXEh1usRVtzQWK8N2wpump，PumpSwap=1，Meteora=1
2026-05-13T06:01:46.481405Z  INFO 保留双边池：币种=7HgfXftRBBqsYtAEYcqjGLQrNJLL6Tww9ek4rE3Apump，PumpSwap=1，Meteora=2
2026-05-13T06:01:46.481407Z  INFO 保留双边池：币种=8J69rbLTzWWgUJziFY8jeu5tDwEPBwUz4pKBMr5rpump，PumpSwap=1，Meteora=1
2026-05-13T06:01:46.481409Z  INFO 保留双边池：币种=CGEDT9QZDvvH5GmVkWJH2BXiMJqMJySC9ihWyr7Spump，PumpSwap=1，Meteora=1
2026-05-13T06:01:46.481410Z  INFO 保留双边池：币种=EkDGB5fbPXiRmDDjxKcC7dFjzvFZj2KT9t7oeyyPx4SX，PumpSwap=1，Meteora=1
2026-05-13T06:01:46.481412Z  INFO 保留双边池：币种=Hon2rHAiqkcDtUzL5gA2vjXPr7T1MPCK2UT2AHKCpump，PumpSwap=1，Meteora=1
2026-05-13T06:01:46.481429Z  INFO gRPC 池子校验完成：候选=684(498/186)，流动性通过=187，验证通过=187(133/54)，本轮池子=25，保留池子=25，双边币种=11
2026-05-13T06:01:49.926730Z  INFO 保留双边池：币种=6AVAUKa9uxQpruHZUinFECpXEh1usRVtzQWK8N2wpump，PumpSwap=1，Meteora=1
2026-05-13T06:01:49.926747Z  INFO 保留双边池：币种=7HgfXftRBBqsYtAEYcqjGLQrNJLL6Tww9ek4rE3Apump，PumpSwap=1，Meteora=2
2026-05-13T06:01:49.926749Z  INFO 保留双边池：币种=CGEDT9QZDvvH5GmVkWJH2BXiMJqMJySC9ihWyr7Spump，PumpSwap=1，Meteora=1
2026-05-13T06:01:49.926750Z  INFO 保留双边池：币种=Hon2rHAiqkcDtUzL5gA2vjXPr7T1MPCK2UT2AHKCpump，PumpSwap=1，Meteora=1
2026-05-13T06:01:49.926752Z  INFO 保留双边池：币种=3KHMZhpthXuiCcgfTv7vVu9PpEz64KAEURFwi6Lopump，PumpSwap=1，Meteora=2
2026-05-13T06:01:49.926753Z  INFO 保留双边池：币种=4TyZGqRLG3VcHTGMcLBoPUmqYitMVojXinAmkL8xpump，PumpSwap=1，Meteora=1
2026-05-13T06:01:49.926754Z  INFO 保留双边池：币种=8J69rbLTzWWgUJziFY8jeu5tDwEPBwUz4pKBMr5rpump，PumpSwap=1，Meteora=1
2026-05-13T06:01:49.926756Z  INFO 保留双边池：币种=Cm6fNnMk7NfzStP9CZpsQA2v3jjzbcYGAxdJySmHpump，PumpSwap=1，Meteora=1
2026-05-13T06:01:49.926757Z  INFO 保留双边池：币种=2tXpgu2DLTsPUf9zFmuZmA4xrYxXKBTpVq9wAM7hzs9y，PumpSwap=1，Meteora=2
2026-05-13T06:01:49.926758Z  INFO 保留双边池：币种=5UUH9RTDiSpq6HKS6bp4NdU9PNJpXRXuiw6ShBTBhgH2，PumpSwap=1，Meteora=1
2026-05-13T06:01:49.926760Z  INFO 保留双边池：币种=33eum82LaAhtv5YkUq1BdwEviSErH5CnFxqVNLT5pump，PumpSwap=1，Meteora=1
2026-05-13T06:01:49.926761Z  INFO 保留双边池：币种=EkDGB5fbPXiRmDDjxKcC7dFjzvFZj2KT9t7oeyyPx4SX，PumpSwap=1，Meteora=1
2026-05-13T06:01:49.926771Z  INFO gRPC 池子校验完成：候选=693(505/188)，流动性通过=189，验证通过=189(134/55)，本轮池子=27，保留池子=27，双边币种=12
2026-05-13T06:01:53.418196Z  INFO 保留双边池：币种=4TyZGqRLG3VcHTGMcLBoPUmqYitMVojXinAmkL8xpump，PumpSwap=1，Meteora=1
2026-05-13T06:01:53.418212Z  INFO 保留双边池：币种=6AVAUKa9uxQpruHZUinFECpXEh1usRVtzQWK8N2wpump，PumpSwap=1，Meteora=1
2026-05-13T06:01:53.418213Z  INFO 保留双边池：币种=3KHMZhpthXuiCcgfTv7vVu9PpEz64KAEURFwi6Lopump，PumpSwap=1，Meteora=2
2026-05-13T06:01:53.418214Z  INFO 保留双边池：币种=5UUH9RTDiSpq6HKS6bp4NdU9PNJpXRXuiw6ShBTBhgH2，PumpSwap=1，Meteora=1
2026-05-13T06:01:53.418215Z  INFO 保留双边池：币种=CGEDT9QZDvvH5GmVkWJH2BXiMJqMJySC9ihWyr7Spump，PumpSwap=1，Meteora=1
2026-05-13T06:01:53.418216Z  INFO 保留双边池：币种=2tXpgu2DLTsPUf9zFmuZmA4xrYxXKBTpVq9wAM7hzs9y，PumpSwap=1，Meteora=2
2026-05-13T06:01:53.418216Z  INFO 保留双边池：币种=7HgfXftRBBqsYtAEYcqjGLQrNJLL6Tww9ek4rE3Apump，PumpSwap=1，Meteora=2
2026-05-13T06:01:53.418217Z  INFO 保留双边池：币种=Hon2rHAiqkcDtUzL5gA2vjXPr7T1MPCK2UT2AHKCpump，PumpSwap=1，Meteora=1
2026-05-13T06:01:53.418218Z  INFO 保留双边池：币种=33eum82LaAhtv5YkUq1BdwEviSErH5CnFxqVNLT5pump，PumpSwap=1，Meteora=1
2026-05-13T06:01:53.418219Z  INFO 保留双边池：币种=8J69rbLTzWWgUJziFY8jeu5tDwEPBwUz4pKBMr5rpump，PumpSwap=1，Meteora=1
2026-05-13T06:01:53.418219Z  INFO 保留双边池：币种=Cm6fNnMk7NfzStP9CZpsQA2v3jjzbcYGAxdJySmHpump，PumpSwap=1，Meteora=1
2026-05-13T06:01:53.418220Z  INFO 保留双边池：币种=EkDGB5fbPXiRmDDjxKcC7dFjzvFZj2KT9t7oeyyPx4SX，PumpSwap=1，Meteora=1
2026-05-13T06:01:53.418226Z  INFO gRPC 池子校验完成：候选=703(511/192)，流动性通过=190，验证通过=190(134/56)，本轮池子=27，保留池子=27，双边币种=12
2026-05-13T06:01:57.607542Z  INFO 保留双边池：币种=Cm6fNnMk7NfzStP9CZpsQA2v3jjzbcYGAxdJySmHpump，PumpSwap=1，Meteora=1
2026-05-13T06:01:57.607560Z  INFO 保留双边池：币种=2tXpgu2DLTsPUf9zFmuZmA4xrYxXKBTpVq9wAM7hzs9y，PumpSwap=1，Meteora=2
2026-05-13T06:01:57.607562Z  INFO 保留双边池：币种=33eum82LaAhtv5YkUq1BdwEviSErH5CnFxqVNLT5pump，PumpSwap=1，Meteora=1
2026-05-13T06:01:57.607563Z  INFO 保留双边池：币种=6AVAUKa9uxQpruHZUinFECpXEh1usRVtzQWK8N2wpump，PumpSwap=1，Meteora=1
2026-05-13T06:01:57.607566Z  INFO 保留双边池：币种=7HgfXftRBBqsYtAEYcqjGLQrNJLL6Tww9ek4rE3Apump，PumpSwap=1，Meteora=2
2026-05-13T06:01:57.607567Z  INFO 保留双边池：币种=3KHMZhpthXuiCcgfTv7vVu9PpEz64KAEURFwi6Lopump，PumpSwap=1，Meteora=2
2026-05-13T06:01:57.607568Z  INFO 保留双边池：币种=8J69rbLTzWWgUJziFY8jeu5tDwEPBwUz4pKBMr5rpump，PumpSwap=1，Meteora=1
2026-05-13T06:01:57.607569Z  INFO 保留双边池：币种=EkDGB5fbPXiRmDDjxKcC7dFjzvFZj2KT9t7oeyyPx4SX，PumpSwap=1，Meteora=1
2026-05-13T06:01:57.607570Z  INFO 保留双边池：币种=Hon2rHAiqkcDtUzL5gA2vjXPr7T1MPCK2UT2AHKCpump，PumpSwap=1，Meteora=1
2026-05-13T06:01:57.607570Z  INFO 保留双边池：币种=4TyZGqRLG3VcHTGMcLBoPUmqYitMVojXinAmkL8xpump，PumpSwap=1，Meteora=1
2026-05-13T06:01:57.607571Z  INFO 保留双边池：币种=5UUH9RTDiSpq6HKS6bp4NdU9PNJpXRXuiw6ShBTBhgH2，PumpSwap=1，Meteora=1
2026-05-13T06:01:57.607572Z  INFO 保留双边池：币种=CGEDT9QZDvvH5GmVkWJH2BXiMJqMJySC9ihWyr7Spump，PumpSwap=1，Meteora=1
2026-05-13T06:01:57.607579Z  INFO gRPC 池子校验完成：候选=712(518/194)，流动性通过=191，验证通过=191(135/56)，本轮池子=27，保留池子=27，双边币种=12
2026-05-13T06:02:02.738358Z  INFO 保留双边池：币种=3KHMZhpthXuiCcgfTv7vVu9PpEz64KAEURFwi6Lopump，PumpSwap=1，Meteora=2
2026-05-13T06:02:02.738381Z  INFO 保留双边池：币种=2tXpgu2DLTsPUf9zFmuZmA4xrYxXKBTpVq9wAM7hzs9y，PumpSwap=1，Meteora=2
2026-05-13T06:02:02.738383Z  INFO 保留双边池：币种=4TyZGqRLG3VcHTGMcLBoPUmqYitMVojXinAmkL8xpump，PumpSwap=1，Meteora=1
2026-05-13T06:02:02.738385Z  INFO 保留双边池：币种=6AVAUKa9uxQpruHZUinFECpXEh1usRVtzQWK8N2wpump，PumpSwap=1，Meteora=1
2026-05-13T06:02:02.738387Z  INFO 保留双边池：币种=8J69rbLTzWWgUJziFY8jeu5tDwEPBwUz4pKBMr5rpump，PumpSwap=1，Meteora=1
2026-05-13T06:02:02.738389Z  INFO 保留双边池：币种=5UUH9RTDiSpq6HKS6bp4NdU9PNJpXRXuiw6ShBTBhgH2，PumpSwap=1，Meteora=1
2026-05-13T06:02:02.738390Z  INFO 保留双边池：币种=Cm6fNnMk7NfzStP9CZpsQA2v3jjzbcYGAxdJySmHpump，PumpSwap=1，Meteora=1
2026-05-13T06:02:02.738400Z  INFO 保留双边池：币种=EkDGB5fbPXiRmDDjxKcC7dFjzvFZj2KT9t7oeyyPx4SX，PumpSwap=1，Meteora=1
2026-05-13T06:02:02.738403Z  INFO 保留双边池：币种=Hon2rHAiqkcDtUzL5gA2vjXPr7T1MPCK2UT2AHKCpump，PumpSwap=1，Meteora=1
2026-05-13T06:02:02.738404Z  INFO 保留双边池：币种=CGEDT9QZDvvH5GmVkWJH2BXiMJqMJySC9ihWyr7Spump，PumpSwap=1，Meteora=1
2026-05-13T06:02:02.738406Z  INFO 保留双边池：币种=7HgfXftRBBqsYtAEYcqjGLQrNJLL6Tww9ek4rE3Apump，PumpSwap=1，Meteora=2
2026-05-13T06:02:02.738407Z  INFO 保留双边池：币种=33eum82LaAhtv5YkUq1BdwEviSErH5CnFxqVNLT5pump，PumpSwap=1，Meteora=1
2026-05-13T06:02:02.738421Z  INFO gRPC 池子校验完成：候选=723(525/198)，流动性通过=193，验证通过=193(136/57)，本轮池子=27，保留池子=27，双边币种=12
2026-05-13T06:02:07.832559Z  INFO 保留双边池：币种=33eum82LaAhtv5YkUq1BdwEviSErH5CnFxqVNLT5pump，PumpSwap=1，Meteora=1
2026-05-13T06:02:07.832578Z  INFO 保留双边池：币种=Cm6fNnMk7NfzStP9CZpsQA2v3jjzbcYGAxdJySmHpump，PumpSwap=1，Meteora=1
2026-05-13T06:02:07.832580Z  INFO 保留双边池：币种=8J69rbLTzWWgUJziFY8jeu5tDwEPBwUz4pKBMr5rpump，PumpSwap=1，Meteora=1
2026-05-13T06:02:07.832582Z  INFO 保留双边池：币种=7HgfXftRBBqsYtAEYcqjGLQrNJLL6Tww9ek4rE3Apump，PumpSwap=1，Meteora=2
2026-05-13T06:02:07.832583Z  INFO 保留双边池：币种=3KHMZhpthXuiCcgfTv7vVu9PpEz64KAEURFwi6Lopump，PumpSwap=1，Meteora=2
2026-05-13T06:02:07.832585Z  INFO 保留双边池：币种=EkDGB5fbPXiRmDDjxKcC7dFjzvFZj2KT9t7oeyyPx4SX，PumpSwap=1，Meteora=1
2026-05-13T06:02:07.832586Z  INFO 保留双边池：币种=Hon2rHAiqkcDtUzL5gA2vjXPr7T1MPCK2UT2AHKCpump，PumpSwap=1，Meteora=1
2026-05-13T06:02:07.832588Z  INFO 保留双边池：币种=CGEDT9QZDvvH5GmVkWJH2BXiMJqMJySC9ihWyr7Spump，PumpSwap=1，Meteora=1
2026-05-13T06:02:07.832589Z  INFO 保留双边池：币种=2tXpgu2DLTsPUf9zFmuZmA4xrYxXKBTpVq9wAM7hzs9y，PumpSwap=1，Meteora=2
2026-05-13T06:02:07.832594Z  INFO 保留双边池：币种=6AVAUKa9uxQpruHZUinFECpXEh1usRVtzQWK8N2wpump，PumpSwap=1，Meteora=1
2026-05-13T06:02:07.832597Z  INFO 保留双边池：币种=5UUH9RTDiSpq6HKS6bp4NdU9PNJpXRXuiw6ShBTBhgH2，PumpSwap=1，Meteora=1
2026-05-13T06:02:07.832598Z  INFO 保留双边池：币种=4TyZGqRLG3VcHTGMcLBoPUmqYitMVojXinAmkL8xpump，PumpSwap=1，Meteora=1
2026-05-13T06:02:07.832607Z  INFO gRPC 池子校验完成：候选=731(532/199)，流动性通过=194，验证通过=194(137/57)，本轮池子=27，保留池子=27，双边币种=12
2026-05-13T06:02:12.994985Z  INFO 保留双边池：币种=CGEDT9QZDvvH5GmVkWJH2BXiMJqMJySC9ihWyr7Spump，PumpSwap=1，Meteora=1
2026-05-13T06:02:12.995002Z  INFO 保留双边池：币种=32CdQdBUxbCsLy5AUHWmyidfwhgGUr9N573NBUrDpump，PumpSwap=1，Meteora=1
2026-05-13T06:02:12.995004Z  INFO 保留双边池：币种=Cm6fNnMk7NfzStP9CZpsQA2v3jjzbcYGAxdJySmHpump，PumpSwap=1，Meteora=1
2026-05-13T06:02:12.995006Z  INFO 保留双边池：币种=8J69rbLTzWWgUJziFY8jeu5tDwEPBwUz4pKBMr5rpump，PumpSwap=1，Meteora=1
2026-05-13T06:02:12.995007Z  INFO 保留双边池：币种=3KHMZhpthXuiCcgfTv7vVu9PpEz64KAEURFwi6Lopump，PumpSwap=1，Meteora=2
2026-05-13T06:02:12.995009Z  INFO 保留双边池：币种=33eum82LaAhtv5YkUq1BdwEviSErH5CnFxqVNLT5pump，PumpSwap=1，Meteora=1
2026-05-13T06:02:12.995010Z  INFO 保留双边池：币种=Hon2rHAiqkcDtUzL5gA2vjXPr7T1MPCK2UT2AHKCpump，PumpSwap=1，Meteora=1
2026-05-13T06:02:12.995012Z  INFO 保留双边池：币种=7HgfXftRBBqsYtAEYcqjGLQrNJLL6Tww9ek4rE3Apump，PumpSwap=1，Meteora=2
2026-05-13T06:02:12.995013Z  INFO 保留双边池：币种=2tXpgu2DLTsPUf9zFmuZmA4xrYxXKBTpVq9wAM7hzs9y，PumpSwap=1，Meteora=2
2026-05-13T06:02:12.995014Z  INFO 保留双边池：币种=5UUH9RTDiSpq6HKS6bp4NdU9PNJpXRXuiw6ShBTBhgH2，PumpSwap=1，Meteora=1
2026-05-13T06:02:12.995016Z  INFO 保留双边池：币种=4TyZGqRLG3VcHTGMcLBoPUmqYitMVojXinAmkL8xpump，PumpSwap=1，Meteora=1
2026-05-13T06:02:12.995017Z  INFO 保留双边池：币种=EkDGB5fbPXiRmDDjxKcC7dFjzvFZj2KT9t7oeyyPx4SX，PumpSwap=1，Meteora=1
2026-05-13T06:02:12.995018Z  INFO 保留双边池：币种=6AVAUKa9uxQpruHZUinFECpXEh1usRVtzQWK8N2wpump，PumpSwap=1，Meteora=1
2026-05-13T06:02:12.995027Z  INFO gRPC 池子校验完成：候选=738(538/200)，流动性通过=195，验证通过=195(138/57)，本轮池子=29，保留池子=29，双边币种=13
2026-05-13T06:02:18.151138Z  INFO 保留双边池：币种=EkDGB5fbPXiRmDDjxKcC7dFjzvFZj2KT9t7oeyyPx4SX，PumpSwap=1，Meteora=1
2026-05-13T06:02:18.151155Z  INFO 保留双边池：币种=8J69rbLTzWWgUJziFY8jeu5tDwEPBwUz4pKBMr5rpump，PumpSwap=1，Meteora=1
2026-05-13T06:02:18.151157Z  INFO 保留双边池：币种=4TyZGqRLG3VcHTGMcLBoPUmqYitMVojXinAmkL8xpump，PumpSwap=1，Meteora=1
2026-05-13T06:02:18.151158Z  INFO 保留双边池：币种=Cm6fNnMk7NfzStP9CZpsQA2v3jjzbcYGAxdJySmHpump，PumpSwap=1，Meteora=1
2026-05-13T06:02:18.151159Z  INFO 保留双边池：币种=Hon2rHAiqkcDtUzL5gA2vjXPr7T1MPCK2UT2AHKCpump，PumpSwap=1，Meteora=1
2026-05-13T06:02:18.151159Z  INFO 保留双边池：币种=CGEDT9QZDvvH5GmVkWJH2BXiMJqMJySC9ihWyr7Spump，PumpSwap=1，Meteora=1
2026-05-13T06:02:18.151160Z  INFO 保留双边池：币种=3KHMZhpthXuiCcgfTv7vVu9PpEz64KAEURFwi6Lopump，PumpSwap=1，Meteora=2
2026-05-13T06:02:18.151161Z  INFO 保留双边池：币种=2tXpgu2DLTsPUf9zFmuZmA4xrYxXKBTpVq9wAM7hzs9y，PumpSwap=1，Meteora=2
2026-05-13T06:02:18.151162Z  INFO 保留双边池：币种=33eum82LaAhtv5YkUq1BdwEviSErH5CnFxqVNLT5pump，PumpSwap=1，Meteora=1
2026-05-13T06:02:18.151163Z  INFO 保留双边池：币种=5UUH9RTDiSpq6HKS6bp4NdU9PNJpXRXuiw6ShBTBhgH2，PumpSwap=1，Meteora=1
2026-05-13T06:02:18.151163Z  INFO 保留双边池：币种=7HgfXftRBBqsYtAEYcqjGLQrNJLL6Tww9ek4rE3Apump，PumpSwap=1，Meteora=2
2026-05-13T06:02:18.151164Z  INFO 保留双边池：币种=6AVAUKa9uxQpruHZUinFECpXEh1usRVtzQWK8N2wpump，PumpSwap=1，Meteora=1
2026-05-13T06:02:18.151165Z  INFO 保留双边池：币种=32CdQdBUxbCsLy5AUHWmyidfwhgGUr9N573NBUrDpump，PumpSwap=1，Meteora=1
2026-05-13T06:02:18.151176Z  INFO gRPC 池子校验完成：候选=750(548/202)，流动性通过=195，验证通过=195(138/57)，本轮池子=29，保留池子=29，双边币种=13
2026-05-13T06:02:23.289764Z  INFO 保留双边池：币种=EkDGB5fbPXiRmDDjxKcC7dFjzvFZj2KT9t7oeyyPx4SX，PumpSwap=1，Meteora=1
2026-05-13T06:02:23.289781Z  INFO 保留双边池：币种=32CdQdBUxbCsLy5AUHWmyidfwhgGUr9N573NBUrDpump，PumpSwap=1，Meteora=1
2026-05-13T06:02:23.289782Z  INFO 保留双边池：币种=6AVAUKa9uxQpruHZUinFECpXEh1usRVtzQWK8N2wpump，PumpSwap=1，Meteora=1
2026-05-13T06:02:23.289784Z  INFO 保留双边池：币种=2tXpgu2DLTsPUf9zFmuZmA4xrYxXKBTpVq9wAM7hzs9y，PumpSwap=1，Meteora=2
2026-05-13T06:02:23.289784Z  INFO 保留双边池：币种=4TyZGqRLG3VcHTGMcLBoPUmqYitMVojXinAmkL8xpump，PumpSwap=1，Meteora=1
2026-05-13T06:02:23.289785Z  INFO 保留双边池：币种=Hon2rHAiqkcDtUzL5gA2vjXPr7T1MPCK2UT2AHKCpump，PumpSwap=1，Meteora=1
2026-05-13T06:02:23.289786Z  INFO 保留双边池：币种=CB9dDufT3ZuQXqqSfa1c5kY935TEreyBw9XJXxHKpump，PumpSwap=1，Meteora=1
2026-05-13T06:02:23.289787Z  INFO 保留双边池：币种=Cm6fNnMk7NfzStP9CZpsQA2v3jjzbcYGAxdJySmHpump，PumpSwap=1，Meteora=1
2026-05-13T06:02:23.289788Z  INFO 保留双边池：币种=33eum82LaAhtv5YkUq1BdwEviSErH5CnFxqVNLT5pump，PumpSwap=1，Meteora=1
2026-05-13T06:02:23.289788Z  INFO 保留双边池：币种=3KHMZhpthXuiCcgfTv7vVu9PpEz64KAEURFwi6Lopump，PumpSwap=1，Meteora=2
2026-05-13T06:02:23.289789Z  INFO 保留双边池：币种=5UUH9RTDiSpq6HKS6bp4NdU9PNJpXRXuiw6ShBTBhgH2，PumpSwap=1，Meteora=1
2026-05-13T06:02:23.289790Z  INFO 保留双边池：币种=7HgfXftRBBqsYtAEYcqjGLQrNJLL6Tww9ek4rE3Apump，PumpSwap=1，Meteora=2
2026-05-13T06:02:23.289791Z  INFO 保留双边池：币种=8J69rbLTzWWgUJziFY8jeu5tDwEPBwUz4pKBMr5rpump，PumpSwap=1，Meteora=1
2026-05-13T06:02:23.289792Z  INFO 保留双边池：币种=CGEDT9QZDvvH5GmVkWJH2BXiMJqMJySC9ihWyr7Spump，PumpSwap=1，Meteora=1
2026-05-13T06:02:23.289802Z  INFO gRPC 池子校验完成：候选=757(554/203)，流动性通过=195，验证通过=195(138/57)，本轮池子=31，保留池子=31，双边币种=14
2026-05-13T06:02:28.302335Z  INFO 保留双边池：币种=CB9dDufT3ZuQXqqSfa1c5kY935TEreyBw9XJXxHKpump，PumpSwap=1，Meteora=1
2026-05-13T06:02:28.302352Z  INFO 保留双边池：币种=8J69rbLTzWWgUJziFY8jeu5tDwEPBwUz4pKBMr5rpump，PumpSwap=1，Meteora=1
2026-05-13T06:02:28.302353Z  INFO 保留双边池：币种=CGEDT9QZDvvH5GmVkWJH2BXiMJqMJySC9ihWyr7Spump，PumpSwap=1，Meteora=1
2026-05-13T06:02:28.302354Z  INFO 保留双边池：币种=3KHMZhpthXuiCcgfTv7vVu9PpEz64KAEURFwi6Lopump，PumpSwap=1，Meteora=2
2026-05-13T06:02:28.302355Z  INFO 保留双边池：币种=Hon2rHAiqkcDtUzL5gA2vjXPr7T1MPCK2UT2AHKCpump，PumpSwap=1，Meteora=1
2026-05-13T06:02:28.302356Z  INFO 保留双边池：币种=5UUH9RTDiSpq6HKS6bp4NdU9PNJpXRXuiw6ShBTBhgH2，PumpSwap=1，Meteora=1
2026-05-13T06:02:28.302356Z  INFO 保留双边池：币种=33eum82LaAhtv5YkUq1BdwEviSErH5CnFxqVNLT5pump，PumpSwap=1，Meteora=1
2026-05-13T06:02:28.302357Z  INFO 保留双边池：币种=4TyZGqRLG3VcHTGMcLBoPUmqYitMVojXinAmkL8xpump，PumpSwap=1，Meteora=1
2026-05-13T06:02:28.302358Z  INFO 保留双边池：币种=6AVAUKa9uxQpruHZUinFECpXEh1usRVtzQWK8N2wpump，PumpSwap=1，Meteora=1
2026-05-13T06:02:28.302359Z  INFO 保留双边池：币种=7HgfXftRBBqsYtAEYcqjGLQrNJLL6Tww9ek4rE3Apump，PumpSwap=1，Meteora=2
2026-05-13T06:02:28.302360Z  INFO 保留双边池：币种=32CdQdBUxbCsLy5AUHWmyidfwhgGUr9N573NBUrDpump，PumpSwap=1，Meteora=1
2026-05-13T06:02:28.302360Z  INFO 保留双边池：币种=2tXpgu2DLTsPUf9zFmuZmA4xrYxXKBTpVq9wAM7hzs9y，PumpSwap=1，Meteora=2
2026-05-13T06:02:28.302361Z  INFO 保留双边池：币种=Cm6fNnMk7NfzStP9CZpsQA2v3jjzbcYGAxdJySmHpump，PumpSwap=1，Meteora=1
2026-05-13T06:02:28.302362Z  INFO 保留双边池：币种=EkDGB5fbPXiRmDDjxKcC7dFjzvFZj2KT9t7oeyyPx4SX，PumpSwap=1，Meteora=1
2026-05-13T06:02:28.302369Z  INFO gRPC 池子校验完成：候选=761(557/204)，流动性通过=196，验证通过=196(139/57)，本轮池子=31，保留池子=31，双边币种=14
2026-05-13T06:02:31.473920Z  INFO 保留双边池：币种=Cm6fNnMk7NfzStP9CZpsQA2v3jjzbcYGAxdJySmHpump，PumpSwap=1，Meteora=1
2026-05-13T06:02:31.473936Z  INFO 保留双边池：币种=EkDGB5fbPXiRmDDjxKcC7dFjzvFZj2KT9t7oeyyPx4SX，PumpSwap=1，Meteora=1
2026-05-13T06:02:31.473938Z  INFO 保留双边池：币种=Hon2rHAiqkcDtUzL5gA2vjXPr7T1MPCK2UT2AHKCpump，PumpSwap=1，Meteora=1
2026-05-13T06:02:31.473939Z  INFO 保留双边池：币种=4TyZGqRLG3VcHTGMcLBoPUmqYitMVojXinAmkL8xpump，PumpSwap=1，Meteora=1
2026-05-13T06:02:31.473939Z  INFO 保留双边池：币种=3KHMZhpthXuiCcgfTv7vVu9PpEz64KAEURFwi6Lopump，PumpSwap=1，Meteora=2
2026-05-13T06:02:31.473940Z  INFO 保留双边池：币种=33eum82LaAhtv5YkUq1BdwEviSErH5CnFxqVNLT5pump，PumpSwap=1，Meteora=1
2026-05-13T06:02:31.473941Z  INFO 保留双边池：币种=2tXpgu2DLTsPUf9zFmuZmA4xrYxXKBTpVq9wAM7hzs9y，PumpSwap=1，Meteora=2
2026-05-13T06:02:31.473942Z  INFO 保留双边池：币种=5UUH9RTDiSpq6HKS6bp4NdU9PNJpXRXuiw6ShBTBhgH2，PumpSwap=1，Meteora=1
2026-05-13T06:02:31.473943Z  INFO 保留双边池：币种=6AVAUKa9uxQpruHZUinFECpXEh1usRVtzQWK8N2wpump，PumpSwap=1，Meteora=1
2026-05-13T06:02:31.473944Z  INFO 保留双边池：币种=CGEDT9QZDvvH5GmVkWJH2BXiMJqMJySC9ihWyr7Spump，PumpSwap=1，Meteora=1
2026-05-13T06:02:31.473945Z  INFO 保留双边池：币种=32CdQdBUxbCsLy5AUHWmyidfwhgGUr9N573NBUrDpump，PumpSwap=1，Meteora=1
2026-05-13T06:02:31.473946Z  INFO 保留双边池：币种=7HgfXftRBBqsYtAEYcqjGLQrNJLL6Tww9ek4rE3Apump，PumpSwap=1，Meteora=2
2026-05-13T06:02:31.473948Z  INFO 保留双边池：币种=8J69rbLTzWWgUJziFY8jeu5tDwEPBwUz4pKBMr5rpump，PumpSwap=1，Meteora=1
2026-05-13T06:02:31.473949Z  INFO 保留双边池：币种=CB9dDufT3ZuQXqqSfa1c5kY935TEreyBw9XJXxHKpump，PumpSwap=1，Meteora=1
2026-05-13T06:02:31.473959Z  INFO gRPC 池子校验完成：候选=766(561/205)，流动性通过=196，验证通过=196(139/57)，本轮池子=31，保留池子=31，双边币种=14
2026-05-13T06:02:33.819084Z  INFO 保留双边池：币种=Hon2rHAiqkcDtUzL5gA2vjXPr7T1MPCK2UT2AHKCpump，PumpSwap=1，Meteora=1
2026-05-13T06:02:33.819102Z  INFO 保留双边池：币种=33eum82LaAhtv5YkUq1BdwEviSErH5CnFxqVNLT5pump，PumpSwap=1，Meteora=1
2026-05-13T06:02:33.819105Z  INFO 保留双边池：币种=2tXpgu2DLTsPUf9zFmuZmA4xrYxXKBTpVq9wAM7hzs9y，PumpSwap=1，Meteora=2
2026-05-13T06:02:33.819107Z  INFO 保留双边池：币种=3KHMZhpthXuiCcgfTv7vVu9PpEz64KAEURFwi6Lopump，PumpSwap=1，Meteora=2
2026-05-13T06:02:33.819109Z  INFO 保留双边池：币种=6iA73gWCKkLWKbVr8rgibV57MMRxzsaqS9cWpgKBpump，PumpSwap=1，Meteora=1
2026-05-13T06:02:33.819111Z  INFO 保留双边池：币种=8J69rbLTzWWgUJziFY8jeu5tDwEPBwUz4pKBMr5rpump，PumpSwap=1，Meteora=1
2026-05-13T06:02:33.819113Z  INFO 保留双边池：币种=CB9dDufT3ZuQXqqSfa1c5kY935TEreyBw9XJXxHKpump，PumpSwap=1，Meteora=1
2026-05-13T06:02:33.819115Z  INFO 保留双边池：币种=EkDGB5fbPXiRmDDjxKcC7dFjzvFZj2KT9t7oeyyPx4SX，PumpSwap=1，Meteora=1
2026-05-13T06:02:33.819117Z  INFO 保留双边池：币种=CGEDT9QZDvvH5GmVkWJH2BXiMJqMJySC9ihWyr7Spump，PumpSwap=1，Meteora=1
2026-05-13T06:02:33.819119Z  INFO 保留双边池：币种=32CdQdBUxbCsLy5AUHWmyidfwhgGUr9N573NBUrDpump，PumpSwap=1，Meteora=1
2026-05-13T06:02:33.819121Z  INFO 保留双边池：币种=4TyZGqRLG3VcHTGMcLBoPUmqYitMVojXinAmkL8xpump，PumpSwap=1，Meteora=1
2026-05-13T06:02:33.819123Z  INFO 保留双边池：币种=5UUH9RTDiSpq6HKS6bp4NdU9PNJpXRXuiw6ShBTBhgH2，PumpSwap=1，Meteora=1
2026-05-13T06:02:33.819124Z  INFO 保留双边池：币种=6AVAUKa9uxQpruHZUinFECpXEh1usRVtzQWK8N2wpump，PumpSwap=1，Meteora=1
2026-05-13T06:02:33.819126Z  INFO 保留双边池：币种=7HgfXftRBBqsYtAEYcqjGLQrNJLL6Tww9ek4rE3Apump，PumpSwap=1，Meteora=2
2026-05-13T06:02:33.819128Z  INFO 保留双边池：币种=Cm6fNnMk7NfzStP9CZpsQA2v3jjzbcYGAxdJySmHpump，PumpSwap=1，Meteora=1
2026-05-13T06:02:33.819141Z  INFO gRPC 池子校验完成：候选=769(564/205)，流动性通过=196，验证通过=196(139/57)，本轮池子=33，保留池子=33，双边币种=15
2026-05-13T06:02:35.790255Z  INFO 保留双边池：币种=7HgfXftRBBqsYtAEYcqjGLQrNJLL6Tww9ek4rE3Apump，PumpSwap=1，Meteora=2
2026-05-13T06:02:35.790270Z  INFO 保留双边池：币种=32CdQdBUxbCsLy5AUHWmyidfwhgGUr9N573NBUrDpump，PumpSwap=1，Meteora=1
2026-05-13T06:02:35.790272Z  INFO 保留双边池：币种=5UUH9RTDiSpq6HKS6bp4NdU9PNJpXRXuiw6ShBTBhgH2，PumpSwap=1，Meteora=1
2026-05-13T06:02:35.790274Z  INFO 保留双边池：币种=Cm6fNnMk7NfzStP9CZpsQA2v3jjzbcYGAxdJySmHpump，PumpSwap=1，Meteora=1
2026-05-13T06:02:35.790275Z  INFO 保留双边池：币种=Hon2rHAiqkcDtUzL5gA2vjXPr7T1MPCK2UT2AHKCpump，PumpSwap=1，Meteora=1
2026-05-13T06:02:35.790276Z  INFO 保留双边池：币种=6iA73gWCKkLWKbVr8rgibV57MMRxzsaqS9cWpgKBpump，PumpSwap=1，Meteora=1
2026-05-13T06:02:35.790278Z  INFO 保留双边池：币种=2tXpgu2DLTsPUf9zFmuZmA4xrYxXKBTpVq9wAM7hzs9y，PumpSwap=1，Meteora=2
2026-05-13T06:02:35.790279Z  INFO 保留双边池：币种=8J69rbLTzWWgUJziFY8jeu5tDwEPBwUz4pKBMr5rpump，PumpSwap=1，Meteora=1
2026-05-13T06:02:35.790280Z  INFO 保留双边池：币种=3KHMZhpthXuiCcgfTv7vVu9PpEz64KAEURFwi6Lopump，PumpSwap=1，Meteora=2
2026-05-13T06:02:35.790282Z  INFO 保留双边池：币种=CGEDT9QZDvvH5GmVkWJH2BXiMJqMJySC9ihWyr7Spump，PumpSwap=1，Meteora=1
2026-05-13T06:02:35.790283Z  INFO 保留双边池：币种=EkDGB5fbPXiRmDDjxKcC7dFjzvFZj2KT9t7oeyyPx4SX，PumpSwap=1，Meteora=1
2026-05-13T06:02:35.790284Z  INFO 保留双边池：币种=33eum82LaAhtv5YkUq1BdwEviSErH5CnFxqVNLT5pump，PumpSwap=1，Meteora=1
2026-05-13T06:02:35.790285Z  INFO 保留双边池：币种=4TyZGqRLG3VcHTGMcLBoPUmqYitMVojXinAmkL8xpump，PumpSwap=1，Meteora=1
2026-05-13T06:02:35.790287Z  INFO 保留双边池：币种=6AVAUKa9uxQpruHZUinFECpXEh1usRVtzQWK8N2wpump，PumpSwap=1，Meteora=1
2026-05-13T06:02:35.790288Z  INFO 保留双边池：币种=CB9dDufT3ZuQXqqSfa1c5kY935TEreyBw9XJXxHKpump，PumpSwap=1，Meteora=1
2026-05-13T06:02:35.790297Z  INFO gRPC 池子校验完成：候选=774(567/207)，流动性通过=196，验证通过=196(139/57)，本轮池子=33，保留池子=33，双边币种=15
2026-05-13T06:02:38.847214Z  INFO 保留双边池：币种=CB9dDufT3ZuQXqqSfa1c5kY935TEreyBw9XJXxHKpump，PumpSwap=1，Meteora=1
2026-05-13T06:02:38.847231Z  INFO 保留双边池：币种=4TyZGqRLG3VcHTGMcLBoPUmqYitMVojXinAmkL8xpump，PumpSwap=1，Meteora=1
2026-05-13T06:02:38.847234Z  INFO 保留双边池：币种=Hon2rHAiqkcDtUzL5gA2vjXPr7T1MPCK2UT2AHKCpump，PumpSwap=1，Meteora=1
2026-05-13T06:02:38.847235Z  INFO 保留双边池：币种=7HgfXftRBBqsYtAEYcqjGLQrNJLL6Tww9ek4rE3Apump，PumpSwap=1，Meteora=2
2026-05-13T06:02:38.847237Z  INFO 保留双边池：币种=8J69rbLTzWWgUJziFY8jeu5tDwEPBwUz4pKBMr5rpump，PumpSwap=1，Meteora=1
2026-05-13T06:02:38.847239Z  INFO 保留双边池：币种=2tXpgu2DLTsPUf9zFmuZmA4xrYxXKBTpVq9wAM7hzs9y，PumpSwap=1，Meteora=2
2026-05-13T06:02:38.847240Z  INFO 保留双边池：币种=Cm6fNnMk7NfzStP9CZpsQA2v3jjzbcYGAxdJySmHpump，PumpSwap=1，Meteora=1
2026-05-13T06:02:38.847241Z  INFO 保留双边池：币种=EkDGB5fbPXiRmDDjxKcC7dFjzvFZj2KT9t7oeyyPx4SX，PumpSwap=1，Meteora=1
2026-05-13T06:02:38.847243Z  INFO 保留双边池：币种=5UUH9RTDiSpq6HKS6bp4NdU9PNJpXRXuiw6ShBTBhgH2，PumpSwap=1，Meteora=1
2026-05-13T06:02:38.847244Z  INFO 保留双边池：币种=CGEDT9QZDvvH5GmVkWJH2BXiMJqMJySC9ihWyr7Spump，PumpSwap=1，Meteora=1
2026-05-13T06:02:38.847245Z  INFO 保留双边池：币种=6AVAUKa9uxQpruHZUinFECpXEh1usRVtzQWK8N2wpump，PumpSwap=1，Meteora=1
2026-05-13T06:02:38.847247Z  INFO 保留双边池：币种=3KHMZhpthXuiCcgfTv7vVu9PpEz64KAEURFwi6Lopump，PumpSwap=1，Meteora=2
2026-05-13T06:02:38.847248Z  INFO 保留双边池：币种=32CdQdBUxbCsLy5AUHWmyidfwhgGUr9N573NBUrDpump，PumpSwap=1，Meteora=1
2026-05-13T06:02:38.847250Z  INFO 保留双边池：币种=6iA73gWCKkLWKbVr8rgibV57MMRxzsaqS9cWpgKBpump，PumpSwap=1，Meteora=1
2026-05-13T06:02:38.847251Z  INFO 保留双边池：币种=33eum82LaAhtv5YkUq1BdwEviSErH5CnFxqVNLT5pump，PumpSwap=1，Meteora=1
2026-05-13T06:02:38.847265Z  INFO gRPC 池子校验完成：候选=778(568/210)，流动性通过=197，验证通过=197(139/58)，本轮池子=33，保留池子=33，双边币种=15
2026-05-13T06:02:40.740406Z  INFO 保留双边池：币种=3KHMZhpthXuiCcgfTv7vVu9PpEz64KAEURFwi6Lopump，PumpSwap=1，Meteora=2
2026-05-13T06:02:40.740432Z  INFO 保留双边池：币种=4TyZGqRLG3VcHTGMcLBoPUmqYitMVojXinAmkL8xpump，PumpSwap=1，Meteora=1
2026-05-13T06:02:40.740433Z  INFO 保留双边池：币种=6AVAUKa9uxQpruHZUinFECpXEh1usRVtzQWK8N2wpump，PumpSwap=1，Meteora=1
2026-05-13T06:02:40.740435Z  INFO 保留双边池：币种=EkDGB5fbPXiRmDDjxKcC7dFjzvFZj2KT9t7oeyyPx4SX，PumpSwap=1，Meteora=1
2026-05-13T06:02:40.740435Z  INFO 保留双边池：币种=CB9dDufT3ZuQXqqSfa1c5kY935TEreyBw9XJXxHKpump，PumpSwap=1，Meteora=1
2026-05-13T06:02:40.740436Z  INFO 保留双边池：币种=CGEDT9QZDvvH5GmVkWJH2BXiMJqMJySC9ihWyr7Spump，PumpSwap=1，Meteora=1
2026-05-13T06:02:40.740437Z  INFO 保留双边池：币种=Cm6fNnMk7NfzStP9CZpsQA2v3jjzbcYGAxdJySmHpump，PumpSwap=1，Meteora=1
2026-05-13T06:02:40.740438Z  INFO 保留双边池：币种=Hon2rHAiqkcDtUzL5gA2vjXPr7T1MPCK2UT2AHKCpump，PumpSwap=1，Meteora=1
2026-05-13T06:02:40.740439Z  INFO 保留双边池：币种=6iA73gWCKkLWKbVr8rgibV57MMRxzsaqS9cWpgKBpump，PumpSwap=1，Meteora=1
2026-05-13T06:02:40.740440Z  INFO 保留双边池：币种=8J69rbLTzWWgUJziFY8jeu5tDwEPBwUz4pKBMr5rpump，PumpSwap=1，Meteora=1
2026-05-13T06:02:40.740440Z  INFO 保留双边池：币种=32CdQdBUxbCsLy5AUHWmyidfwhgGUr9N573NBUrDpump，PumpSwap=1，Meteora=1
2026-05-13T06:02:40.740441Z  INFO 保留双边池：币种=33eum82LaAhtv5YkUq1BdwEviSErH5CnFxqVNLT5pump，PumpSwap=1，Meteora=1
2026-05-13T06:02:40.740442Z  INFO 保留双边池：币种=7HgfXftRBBqsYtAEYcqjGLQrNJLL6Tww9ek4rE3Apump，PumpSwap=1，Meteora=2
2026-05-13T06:02:40.740443Z  INFO 保留双边池：币种=2tXpgu2DLTsPUf9zFmuZmA4xrYxXKBTpVq9wAM7hzs9y，PumpSwap=1，Meteora=2
2026-05-13T06:02:40.740444Z  INFO 保留双边池：币种=5UUH9RTDiSpq6HKS6bp4NdU9PNJpXRXuiw6ShBTBhgH2，PumpSwap=1，Meteora=1
2026-05-13T06:02:40.740458Z  INFO gRPC 池子校验完成：候选=779(569/210)，流动性通过=197，验证通过=197(139/58)，本轮池子=33，保留池子=33，双边币种=15
2026-05-13T06:02:43.829531Z  INFO 保留双边池：币种=32CdQdBUxbCsLy5AUHWmyidfwhgGUr9N573NBUrDpump，PumpSwap=1，Meteora=1
2026-05-13T06:02:43.829552Z  INFO 保留双边池：币种=CGEDT9QZDvvH5GmVkWJH2BXiMJqMJySC9ihWyr7Spump，PumpSwap=1，Meteora=1
2026-05-13T06:02:43.829554Z  INFO 保留双边池：币种=33eum82LaAhtv5YkUq1BdwEviSErH5CnFxqVNLT5pump，PumpSwap=1，Meteora=1
2026-05-13T06:02:43.829556Z  INFO 保留双边池：币种=5UUH9RTDiSpq6HKS6bp4NdU9PNJpXRXuiw6ShBTBhgH2，PumpSwap=1，Meteora=1
2026-05-13T06:02:43.829558Z  INFO 保留双边池：币种=6AVAUKa9uxQpruHZUinFECpXEh1usRVtzQWK8N2wpump，PumpSwap=1，Meteora=1
2026-05-13T06:02:43.829559Z  INFO 保留双边池：币种=2tXpgu2DLTsPUf9zFmuZmA4xrYxXKBTpVq9wAM7hzs9y，PumpSwap=1，Meteora=2
2026-05-13T06:02:43.829560Z  INFO 保留双边池：币种=Hon2rHAiqkcDtUzL5gA2vjXPr7T1MPCK2UT2AHKCpump，PumpSwap=1，Meteora=1
2026-05-13T06:02:43.829562Z  INFO 保留双边池：币种=8J69rbLTzWWgUJziFY8jeu5tDwEPBwUz4pKBMr5rpump，PumpSwap=1，Meteora=1
2026-05-13T06:02:43.829563Z  INFO 保留双边池：币种=3KHMZhpthXuiCcgfTv7vVu9PpEz64KAEURFwi6Lopump，PumpSwap=1，Meteora=2
2026-05-13T06:02:43.829564Z  INFO 保留双边池：币种=Cm6fNnMk7NfzStP9CZpsQA2v3jjzbcYGAxdJySmHpump，PumpSwap=1，Meteora=1
2026-05-13T06:02:43.829566Z  INFO 保留双边池：币种=6iA73gWCKkLWKbVr8rgibV57MMRxzsaqS9cWpgKBpump，PumpSwap=1，Meteora=1
2026-05-13T06:02:43.829567Z  INFO 保留双边池：币种=7HgfXftRBBqsYtAEYcqjGLQrNJLL6Tww9ek4rE3Apump，PumpSwap=1，Meteora=2
2026-05-13T06:02:43.829568Z  INFO 保留双边池：币种=EkDGB5fbPXiRmDDjxKcC7dFjzvFZj2KT9t7oeyyPx4SX，PumpSwap=1，Meteora=1
2026-05-13T06:02:43.829569Z  INFO 保留双边池：币种=CB9dDufT3ZuQXqqSfa1c5kY935TEreyBw9XJXxHKpump，PumpSwap=1，Meteora=1
2026-05-13T06:02:43.829574Z  INFO 保留双边池：币种=4TyZGqRLG3VcHTGMcLBoPUmqYitMVojXinAmkL8xpump，PumpSwap=1，Meteora=1
2026-05-13T06:02:43.829594Z  INFO gRPC 池子校验完成：候选=783(572/211)，流动性通过=198，验证通过=198(140/58)，本轮池子=33，保留池子=33，双边币种=15
2026-05-13T06:02:48.141021Z  INFO 保留双边池：币种=8J69rbLTzWWgUJziFY8jeu5tDwEPBwUz4pKBMr5rpump，PumpSwap=1，Meteora=1
2026-05-13T06:02:48.141041Z  INFO 保留双边池：币种=6AVAUKa9uxQpruHZUinFECpXEh1usRVtzQWK8N2wpump，PumpSwap=1，Meteora=1
2026-05-13T06:02:48.141043Z  INFO 保留双边池：币种=CB9dDufT3ZuQXqqSfa1c5kY935TEreyBw9XJXxHKpump，PumpSwap=1，Meteora=1
2026-05-13T06:02:48.141045Z  INFO 保留双边池：币种=5UUH9RTDiSpq6HKS6bp4NdU9PNJpXRXuiw6ShBTBhgH2，PumpSwap=1，Meteora=1
2026-05-13T06:02:48.141046Z  INFO 保留双边池：币种=33eum82LaAhtv5YkUq1BdwEviSErH5CnFxqVNLT5pump，PumpSwap=1，Meteora=1
2026-05-13T06:02:48.141048Z  INFO 保留双边池：币种=Hon2rHAiqkcDtUzL5gA2vjXPr7T1MPCK2UT2AHKCpump，PumpSwap=1，Meteora=1
2026-05-13T06:02:48.141049Z  INFO 保留双边池：币种=6iA73gWCKkLWKbVr8rgibV57MMRxzsaqS9cWpgKBpump，PumpSwap=1，Meteora=1
2026-05-13T06:02:48.141050Z  INFO 保留双边池：币种=CGEDT9QZDvvH5GmVkWJH2BXiMJqMJySC9ihWyr7Spump，PumpSwap=1，Meteora=1
2026-05-13T06:02:48.141051Z  INFO 保留双边池：币种=3KHMZhpthXuiCcgfTv7vVu9PpEz64KAEURFwi6Lopump，PumpSwap=1，Meteora=2
2026-05-13T06:02:48.141052Z  INFO 保留双边池：币种=EkDGB5fbPXiRmDDjxKcC7dFjzvFZj2KT9t7oeyyPx4SX，PumpSwap=1，Meteora=1
2026-05-13T06:02:48.141053Z  INFO 保留双边池：币种=2tXpgu2DLTsPUf9zFmuZmA4xrYxXKBTpVq9wAM7hzs9y，PumpSwap=1，Meteora=2
2026-05-13T06:02:48.141055Z  INFO 保留双边池：币种=4TyZGqRLG3VcHTGMcLBoPUmqYitMVojXinAmkL8xpump，PumpSwap=1，Meteora=1
2026-05-13T06:02:48.141057Z  INFO 保留双边池：币种=Cm6fNnMk7NfzStP9CZpsQA2v3jjzbcYGAxdJySmHpump，PumpSwap=1，Meteora=1
2026-05-13T06:02:48.141058Z  INFO 保留双边池：币种=32CdQdBUxbCsLy5AUHWmyidfwhgGUr9N573NBUrDpump，PumpSwap=1，Meteora=1
2026-05-13T06:02:48.141059Z  INFO 保留双边池：币种=7HgfXftRBBqsYtAEYcqjGLQrNJLL6Tww9ek4rE3Apump，PumpSwap=1，Meteora=2
2026-05-13T06:02:48.141071Z  INFO gRPC 池子校验完成：候选=789(578/211)，流动性通过=199，验证通过=199(141/58)，本轮池子=33，保留池子=33，双边币种=15
2026-05-13T06:02:52.439288Z  INFO 保留双边池：币种=32CdQdBUxbCsLy5AUHWmyidfwhgGUr9N573NBUrDpump，PumpSwap=1，Meteora=1
2026-05-13T06:02:52.439309Z  INFO 保留双边池：币种=6AVAUKa9uxQpruHZUinFECpXEh1usRVtzQWK8N2wpump，PumpSwap=1，Meteora=1
2026-05-13T06:02:52.439311Z  INFO 保留双边池：币种=EkDGB5fbPXiRmDDjxKcC7dFjzvFZj2KT9t7oeyyPx4SX，PumpSwap=1，Meteora=1
2026-05-13T06:02:52.439312Z  INFO 保留双边池：币种=CB9dDufT3ZuQXqqSfa1c5kY935TEreyBw9XJXxHKpump，PumpSwap=1，Meteora=1
2026-05-13T06:02:52.439314Z  INFO 保留双边池：币种=Cm6fNnMk7NfzStP9CZpsQA2v3jjzbcYGAxdJySmHpump，PumpSwap=1，Meteora=1
2026-05-13T06:02:52.439315Z  INFO 保留双边池：币种=7HgfXftRBBqsYtAEYcqjGLQrNJLL6Tww9ek4rE3Apump，PumpSwap=1，Meteora=2
2026-05-13T06:02:52.439316Z  INFO 保留双边池：币种=4TyZGqRLG3VcHTGMcLBoPUmqYitMVojXinAmkL8xpump，PumpSwap=1，Meteora=1
2026-05-13T06:02:52.439318Z  INFO 保留双边池：币种=6iA73gWCKkLWKbVr8rgibV57MMRxzsaqS9cWpgKBpump，PumpSwap=1，Meteora=1
2026-05-13T06:02:52.439319Z  INFO 保留双边池：币种=2tXpgu2DLTsPUf9zFmuZmA4xrYxXKBTpVq9wAM7hzs9y，PumpSwap=1，Meteora=2
2026-05-13T06:02:52.439321Z  INFO 保留双边池：币种=3KHMZhpthXuiCcgfTv7vVu9PpEz64KAEURFwi6Lopump，PumpSwap=1，Meteora=2
2026-05-13T06:02:52.439323Z  INFO 保留双边池：币种=8J69rbLTzWWgUJziFY8jeu5tDwEPBwUz4pKBMr5rpump，PumpSwap=1，Meteora=1
2026-05-13T06:02:52.439324Z  INFO 保留双边池：币种=CGEDT9QZDvvH5GmVkWJH2BXiMJqMJySC9ihWyr7Spump，PumpSwap=1，Meteora=1
2026-05-13T06:02:52.439325Z  INFO 保留双边池：币种=Hon2rHAiqkcDtUzL5gA2vjXPr7T1MPCK2UT2AHKCpump，PumpSwap=1，Meteora=1
2026-05-13T06:02:52.439328Z  INFO 保留双边池：币种=33eum82LaAhtv5YkUq1BdwEviSErH5CnFxqVNLT5pump，PumpSwap=1，Meteora=1
2026-05-13T06:02:52.439329Z  INFO 保留双边池：币种=5UUH9RTDiSpq6HKS6bp4NdU9PNJpXRXuiw6ShBTBhgH2，PumpSwap=1，Meteora=1
2026-05-13T06:02:52.439345Z  INFO gRPC 池子校验完成：候选=800(586/214)，流动性通过=202，验证通过=202(143/59)，本轮池子=33，保留池子=33，双边币种=15
2026-05-13T06:02:57.240091Z  INFO 保留双边池：币种=CB9dDufT3ZuQXqqSfa1c5kY935TEreyBw9XJXxHKpump，PumpSwap=1，Meteora=1
2026-05-13T06:02:57.240107Z  INFO 保留双边池：币种=3KHMZhpthXuiCcgfTv7vVu9PpEz64KAEURFwi6Lopump，PumpSwap=1，Meteora=2
2026-05-13T06:02:57.240108Z  INFO 保留双边池：币种=7HgfXftRBBqsYtAEYcqjGLQrNJLL6Tww9ek4rE3Apump，PumpSwap=1，Meteora=2
2026-05-13T06:02:57.240109Z  INFO 保留双边池：币种=6iA73gWCKkLWKbVr8rgibV57MMRxzsaqS9cWpgKBpump，PumpSwap=1，Meteora=1
2026-05-13T06:02:57.240110Z  INFO 保留双边池：币种=8J69rbLTzWWgUJziFY8jeu5tDwEPBwUz4pKBMr5rpump，PumpSwap=1，Meteora=1
2026-05-13T06:02:57.240111Z  INFO 保留双边池：币种=CGEDT9QZDvvH5GmVkWJH2BXiMJqMJySC9ihWyr7Spump，PumpSwap=1，Meteora=1
2026-05-13T06:02:57.240111Z  INFO 保留双边池：币种=Hon2rHAiqkcDtUzL5gA2vjXPr7T1MPCK2UT2AHKCpump，PumpSwap=1，Meteora=1
2026-05-13T06:02:57.240112Z  INFO 保留双边池：币种=EkDGB5fbPXiRmDDjxKcC7dFjzvFZj2KT9t7oeyyPx4SX，PumpSwap=1，Meteora=1
2026-05-13T06:02:57.240113Z  INFO 保留双边池：币种=32CdQdBUxbCsLy5AUHWmyidfwhgGUr9N573NBUrDpump，PumpSwap=1，Meteora=1
2026-05-13T06:02:57.240114Z  INFO 保留双边池：币种=33eum82LaAhtv5YkUq1BdwEviSErH5CnFxqVNLT5pump，PumpSwap=1，Meteora=1
2026-05-13T06:02:57.240114Z  INFO 保留双边池：币种=Cm6fNnMk7NfzStP9CZpsQA2v3jjzbcYGAxdJySmHpump，PumpSwap=1，Meteora=1
2026-05-13T06:02:57.240115Z  INFO 保留双边池：币种=2tXpgu2DLTsPUf9zFmuZmA4xrYxXKBTpVq9wAM7hzs9y，PumpSwap=1，Meteora=2
2026-05-13T06:02:57.240116Z  INFO 保留双边池：币种=5UUH9RTDiSpq6HKS6bp4NdU9PNJpXRXuiw6ShBTBhgH2，PumpSwap=1，Meteora=1
2026-05-13T06:02:57.240117Z  INFO 保留双边池：币种=6AVAUKa9uxQpruHZUinFECpXEh1usRVtzQWK8N2wpump，PumpSwap=1，Meteora=1
2026-05-13T06:02:57.240117Z  INFO 保留双边池：币种=4TyZGqRLG3VcHTGMcLBoPUmqYitMVojXinAmkL8xpump，PumpSwap=1，Meteora=1
2026-05-13T06:02:57.240125Z  INFO gRPC 池子校验完成：候选=808(594/214)，流动性通过=202，验证通过=202(143/59)，本轮池子=33，保留池子=33，双边币种=15
2026-05-13T06:03:01.616830Z  INFO 保留双边池：币种=6AVAUKa9uxQpruHZUinFECpXEh1usRVtzQWK8N2wpump，PumpSwap=1，Meteora=1
2026-05-13T06:03:01.616845Z  INFO 保留双边池：币种=CGEDT9QZDvvH5GmVkWJH2BXiMJqMJySC9ihWyr7Spump，PumpSwap=1，Meteora=1
2026-05-13T06:03:01.616847Z  INFO 保留双边池：币种=33eum82LaAhtv5YkUq1BdwEviSErH5CnFxqVNLT5pump，PumpSwap=1，Meteora=1
2026-05-13T06:03:01.616849Z  INFO 保留双边池：币种=EkDGB5fbPXiRmDDjxKcC7dFjzvFZj2KT9t7oeyyPx4SX，PumpSwap=1，Meteora=1
2026-05-13T06:03:01.616850Z  INFO 保留双边池：币种=3KHMZhpthXuiCcgfTv7vVu9PpEz64KAEURFwi6Lopump，PumpSwap=1，Meteora=2
2026-05-13T06:03:01.616851Z  INFO 保留双边池：币种=Hon2rHAiqkcDtUzL5gA2vjXPr7T1MPCK2UT2AHKCpump，PumpSwap=1，Meteora=1
2026-05-13T06:03:01.616852Z  INFO 保留双边池：币种=5UUH9RTDiSpq6HKS6bp4NdU9PNJpXRXuiw6ShBTBhgH2，PumpSwap=1，Meteora=1
2026-05-13T06:03:01.616854Z  INFO 保留双边池：币种=7HgfXftRBBqsYtAEYcqjGLQrNJLL6Tww9ek4rE3Apump，PumpSwap=1，Meteora=2
2026-05-13T06:03:01.616855Z  INFO 保留双边池：币种=4TyZGqRLG3VcHTGMcLBoPUmqYitMVojXinAmkL8xpump，PumpSwap=1，Meteora=1
2026-05-13T06:03:01.616856Z  INFO 保留双边池：币种=32CdQdBUxbCsLy5AUHWmyidfwhgGUr9N573NBUrDpump，PumpSwap=1，Meteora=1
2026-05-13T06:03:01.616857Z  INFO 保留双边池：币种=6iA73gWCKkLWKbVr8rgibV57MMRxzsaqS9cWpgKBpump，PumpSwap=1，Meteora=1
2026-05-13T06:03:01.616859Z  INFO 保留双边池：币种=Cm6fNnMk7NfzStP9CZpsQA2v3jjzbcYGAxdJySmHpump，PumpSwap=1，Meteora=1
2026-05-13T06:03:01.616861Z  INFO 保留双边池：币种=2tXpgu2DLTsPUf9zFmuZmA4xrYxXKBTpVq9wAM7hzs9y，PumpSwap=1，Meteora=2
2026-05-13T06:03:01.616863Z  INFO 保留双边池：币种=8J69rbLTzWWgUJziFY8jeu5tDwEPBwUz4pKBMr5rpump，PumpSwap=1，Meteora=1
2026-05-13T06:03:01.616864Z  INFO 保留双边池：币种=CB9dDufT3ZuQXqqSfa1c5kY935TEreyBw9XJXxHKpump，PumpSwap=1，Meteora=1
2026-05-13T06:03:01.616874Z  INFO gRPC 池子校验完成：候选=812(597/215)，流动性通过=204，验证通过=204(145/59)，本轮池子=33，保留池子=33，双边币种=15
2026-05-13T06:03:05.539716Z  INFO 保留双边池：币种=32CdQdBUxbCsLy5AUHWmyidfwhgGUr9N573NBUrDpump，PumpSwap=1，Meteora=1
2026-05-13T06:03:05.539739Z  INFO 保留双边池：币种=8J69rbLTzWWgUJziFY8jeu5tDwEPBwUz4pKBMr5rpump，PumpSwap=1，Meteora=1
2026-05-13T06:03:05.539741Z  INFO 保留双边池：币种=33eum82LaAhtv5YkUq1BdwEviSErH5CnFxqVNLT5pump，PumpSwap=1，Meteora=1
2026-05-13T06:03:05.539742Z  INFO 保留双边池：币种=CB9dDufT3ZuQXqqSfa1c5kY935TEreyBw9XJXxHKpump，PumpSwap=1，Meteora=1
2026-05-13T06:03:05.539744Z  INFO 保留双边池：币种=EkDGB5fbPXiRmDDjxKcC7dFjzvFZj2KT9t7oeyyPx4SX，PumpSwap=1，Meteora=1
2026-05-13T06:03:05.539745Z  INFO 保留双边池：币种=6iA73gWCKkLWKbVr8rgibV57MMRxzsaqS9cWpgKBpump，PumpSwap=1，Meteora=1
2026-05-13T06:03:05.539746Z  INFO 保留双边池：币种=Cm6fNnMk7NfzStP9CZpsQA2v3jjzbcYGAxdJySmHpump，PumpSwap=1，Meteora=1
2026-05-13T06:03:05.539748Z  INFO 保留双边池：币种=2tXpgu2DLTsPUf9zFmuZmA4xrYxXKBTpVq9wAM7hzs9y，PumpSwap=1，Meteora=2
2026-05-13T06:03:05.539749Z  INFO 保留双边池：币种=6AVAUKa9uxQpruHZUinFECpXEh1usRVtzQWK8N2wpump，PumpSwap=1，Meteora=1
2026-05-13T06:03:05.539751Z  INFO 保留双边池：币种=3KHMZhpthXuiCcgfTv7vVu9PpEz64KAEURFwi6Lopump，PumpSwap=1，Meteora=2
2026-05-13T06:03:05.539752Z  INFO 保留双边池：币种=CGEDT9QZDvvH5GmVkWJH2BXiMJqMJySC9ihWyr7Spump，PumpSwap=1，Meteora=1
2026-05-13T06:03:05.539753Z  INFO 保留双边池：币种=7HgfXftRBBqsYtAEYcqjGLQrNJLL6Tww9ek4rE3Apump，PumpSwap=1，Meteora=2
2026-05-13T06:03:05.539755Z  INFO 保留双边池：币种=Hon2rHAiqkcDtUzL5gA2vjXPr7T1MPCK2UT2AHKCpump，PumpSwap=1，Meteora=1
2026-05-13T06:03:05.539756Z  INFO 保留双边池：币种=4TyZGqRLG3VcHTGMcLBoPUmqYitMVojXinAmkL8xpump，PumpSwap=1，Meteora=1
2026-05-13T06:03:05.539758Z  INFO 保留双边池：币种=5UUH9RTDiSpq6HKS6bp4NdU9PNJpXRXuiw6ShBTBhgH2，PumpSwap=1，Meteora=1
2026-05-13T06:03:05.539772Z  INFO gRPC 池子校验完成：候选=822(603/219)，流动性通过=205，验证通过=205(146/59)，本轮池子=33，保留池子=33，双边币种=15
2026-05-13T06:03:09.068565Z  INFO 保留双边池：币种=3KHMZhpthXuiCcgfTv7vVu9PpEz64KAEURFwi6Lopump，PumpSwap=1，Meteora=2
2026-05-13T06:03:09.068580Z  INFO 保留双边池：币种=CGEDT9QZDvvH5GmVkWJH2BXiMJqMJySC9ihWyr7Spump，PumpSwap=1，Meteora=1
2026-05-13T06:03:09.068582Z  INFO 保留双边池：币种=5UUH9RTDiSpq6HKS6bp4NdU9PNJpXRXuiw6ShBTBhgH2，PumpSwap=1，Meteora=1
2026-05-13T06:03:09.068583Z  INFO 保留双边池：币种=8J69rbLTzWWgUJziFY8jeu5tDwEPBwUz4pKBMr5rpump，PumpSwap=1，Meteora=1
2026-05-13T06:03:09.068584Z  INFO 保留双边池：币种=Hon2rHAiqkcDtUzL5gA2vjXPr7T1MPCK2UT2AHKCpump，PumpSwap=1，Meteora=1
2026-05-13T06:03:09.068585Z  INFO 保留双边池：币种=EkDGB5fbPXiRmDDjxKcC7dFjzvFZj2KT9t7oeyyPx4SX，PumpSwap=1，Meteora=1
2026-05-13T06:03:09.068586Z  INFO 保留双边池：币种=32CdQdBUxbCsLy5AUHWmyidfwhgGUr9N573NBUrDpump，PumpSwap=1，Meteora=1
2026-05-13T06:03:09.068587Z  INFO 保留双边池：币种=2tXpgu2DLTsPUf9zFmuZmA4xrYxXKBTpVq9wAM7hzs9y，PumpSwap=1，Meteora=2
2026-05-13T06:03:09.068588Z  INFO 保留双边池：币种=7HgfXftRBBqsYtAEYcqjGLQrNJLL6Tww9ek4rE3Apump，PumpSwap=1，Meteora=2
2026-05-13T06:03:09.068589Z  INFO 保留双边池：币种=4TyZGqRLG3VcHTGMcLBoPUmqYitMVojXinAmkL8xpump，PumpSwap=1，Meteora=1
2026-05-13T06:03:09.068590Z  INFO 保留双边池：币种=6iA73gWCKkLWKbVr8rgibV57MMRxzsaqS9cWpgKBpump，PumpSwap=1，Meteora=1
2026-05-13T06:03:09.068592Z  INFO 保留双边池：币种=33eum82LaAhtv5YkUq1BdwEviSErH5CnFxqVNLT5pump，PumpSwap=1，Meteora=1
2026-05-13T06:03:09.068593Z  INFO 保留双边池：币种=Cm6fNnMk7NfzStP9CZpsQA2v3jjzbcYGAxdJySmHpump，PumpSwap=1，Meteora=1
2026-05-13T06:03:09.068594Z  INFO 保留双边池：币种=CB9dDufT3ZuQXqqSfa1c5kY935TEreyBw9XJXxHKpump，PumpSwap=1，Meteora=1
2026-05-13T06:03:09.068595Z  INFO 保留双边池：币种=6AVAUKa9uxQpruHZUinFECpXEh1usRVtzQWK8N2wpump，PumpSwap=1，Meteora=1
2026-05-13T06:03:09.068605Z  INFO gRPC 池子校验完成：候选=826(605/221)，流动性通过=206，验证通过=206(147/59)，本轮池子=33，保留池子=33，双边币种=15
2026-05-13T06:03:12.851629Z  INFO 保留双边池：币种=CGEDT9QZDvvH5GmVkWJH2BXiMJqMJySC9ihWyr7Spump，PumpSwap=1，Meteora=1
2026-05-13T06:03:12.851647Z  INFO 保留双边池：币种=2tXpgu2DLTsPUf9zFmuZmA4xrYxXKBTpVq9wAM7hzs9y，PumpSwap=1，Meteora=2
2026-05-13T06:03:12.851648Z  INFO 保留双边池：币种=6AVAUKa9uxQpruHZUinFECpXEh1usRVtzQWK8N2wpump，PumpSwap=1，Meteora=1
2026-05-13T06:03:12.851649Z  INFO 保留双边池：币种=3KHMZhpthXuiCcgfTv7vVu9PpEz64KAEURFwi6Lopump，PumpSwap=1，Meteora=2
2026-05-13T06:03:12.851650Z  INFO 保留双边池：币种=CB9dDufT3ZuQXqqSfa1c5kY935TEreyBw9XJXxHKpump，PumpSwap=1，Meteora=1
2026-05-13T06:03:12.851651Z  INFO 保留双边池：币种=8J69rbLTzWWgUJziFY8jeu5tDwEPBwUz4pKBMr5rpump，PumpSwap=1，Meteora=1
2026-05-13T06:03:12.851652Z  INFO 保留双边池：币种=6iA73gWCKkLWKbVr8rgibV57MMRxzsaqS9cWpgKBpump，PumpSwap=1，Meteora=1
2026-05-13T06:03:12.851652Z  INFO 保留双边池：币种=Hon2rHAiqkcDtUzL5gA2vjXPr7T1MPCK2UT2AHKCpump，PumpSwap=1，Meteora=1
2026-05-13T06:03:12.851653Z  INFO 保留双边池：币种=Cm6fNnMk7NfzStP9CZpsQA2v3jjzbcYGAxdJySmHpump，PumpSwap=1，Meteora=1
2026-05-13T06:03:12.851654Z  INFO 保留双边池：币种=4TyZGqRLG3VcHTGMcLBoPUmqYitMVojXinAmkL8xpump，PumpSwap=1，Meteora=1
2026-05-13T06:03:12.851655Z  INFO 保留双边池：币种=5UUH9RTDiSpq6HKS6bp4NdU9PNJpXRXuiw6ShBTBhgH2，PumpSwap=1，Meteora=1
2026-05-13T06:03:12.851656Z  INFO 保留双边池：币种=32CdQdBUxbCsLy5AUHWmyidfwhgGUr9N573NBUrDpump，PumpSwap=1，Meteora=1
2026-05-13T06:03:12.851656Z  INFO 保留双边池：币种=33eum82LaAhtv5YkUq1BdwEviSErH5CnFxqVNLT5pump，PumpSwap=1，Meteora=1
2026-05-13T06:03:12.851657Z  INFO 保留双边池：币种=EkDGB5fbPXiRmDDjxKcC7dFjzvFZj2KT9t7oeyyPx4SX，PumpSwap=1，Meteora=1
2026-05-13T06:03:12.851658Z  INFO 保留双边池：币种=7HgfXftRBBqsYtAEYcqjGLQrNJLL6Tww9ek4rE3Apump，PumpSwap=1，Meteora=2
2026-05-13T06:03:12.851667Z  INFO gRPC 池子校验完成：候选=837(614/223)，流动性通过=209，验证通过=209(149/60)，本轮池子=33，保留池子=33，双边币种=15
2026-05-13T06:03:16.509837Z  INFO 保留双边池：币种=3KHMZhpthXuiCcgfTv7vVu9PpEz64KAEURFwi6Lopump，PumpSwap=1，Meteora=2
2026-05-13T06:03:16.509854Z  INFO 保留双边池：币种=8J69rbLTzWWgUJziFY8jeu5tDwEPBwUz4pKBMr5rpump，PumpSwap=1，Meteora=1
2026-05-13T06:03:16.509856Z  INFO 保留双边池：币种=33eum82LaAhtv5YkUq1BdwEviSErH5CnFxqVNLT5pump，PumpSwap=1，Meteora=1
2026-05-13T06:03:16.509857Z  INFO 保留双边池：币种=7HgfXftRBBqsYtAEYcqjGLQrNJLL6Tww9ek4rE3Apump，PumpSwap=1，Meteora=2
2026-05-13T06:03:16.509858Z  INFO 保留双边池：币种=Cm6fNnMk7NfzStP9CZpsQA2v3jjzbcYGAxdJySmHpump，PumpSwap=1，Meteora=1
2026-05-13T06:03:16.509859Z  INFO 保留双边池：币种=EkDGB5fbPXiRmDDjxKcC7dFjzvFZj2KT9t7oeyyPx4SX，PumpSwap=1，Meteora=1
2026-05-13T06:03:16.509859Z  INFO 保留双边池：币种=Hon2rHAiqkcDtUzL5gA2vjXPr7T1MPCK2UT2AHKCpump，PumpSwap=1，Meteora=1
2026-05-13T06:03:16.509860Z  INFO 保留双边池：币种=2tXpgu2DLTsPUf9zFmuZmA4xrYxXKBTpVq9wAM7hzs9y，PumpSwap=1，Meteora=2
2026-05-13T06:03:16.509861Z  INFO 保留双边池：币种=5UUH9RTDiSpq6HKS6bp4NdU9PNJpXRXuiw6ShBTBhgH2，PumpSwap=1，Meteora=1
2026-05-13T06:03:16.509864Z  INFO 保留双边池：币种=CB9dDufT3ZuQXqqSfa1c5kY935TEreyBw9XJXxHKpump，PumpSwap=1，Meteora=1
2026-05-13T06:03:16.509865Z  INFO 保留双边池：币种=6AVAUKa9uxQpruHZUinFECpXEh1usRVtzQWK8N2wpump，PumpSwap=1，Meteora=1
2026-05-13T06:03:16.509866Z  INFO 保留双边池：币种=4TyZGqRLG3VcHTGMcLBoPUmqYitMVojXinAmkL8xpump，PumpSwap=1，Meteora=1
2026-05-13T06:03:16.509866Z  INFO 保留双边池：币种=CGEDT9QZDvvH5GmVkWJH2BXiMJqMJySC9ihWyr7Spump，PumpSwap=1，Meteora=1
2026-05-13T06:03:16.509867Z  INFO 保留双边池：币种=32CdQdBUxbCsLy5AUHWmyidfwhgGUr9N573NBUrDpump，PumpSwap=1，Meteora=1
2026-05-13T06:03:16.509868Z  INFO 保留双边池：币种=6iA73gWCKkLWKbVr8rgibV57MMRxzsaqS9cWpgKBpump，PumpSwap=1，Meteora=1
2026-05-13T06:03:16.509878Z  INFO gRPC 池子校验完成：候选=842(619/223)，流动性通过=209，验证通过=209(149/60)，本轮池子=33，保留池子=33，双边币种=15
2026-05-13T06:03:19.916924Z  INFO 保留双边池：币种=2tXpgu2DLTsPUf9zFmuZmA4xrYxXKBTpVq9wAM7hzs9y，PumpSwap=1，Meteora=2
2026-05-13T06:03:19.916940Z  INFO 保留双边池：币种=3KHMZhpthXuiCcgfTv7vVu9PpEz64KAEURFwi6Lopump，PumpSwap=1，Meteora=2
2026-05-13T06:03:19.916942Z  INFO 保留双边池：币种=6AVAUKa9uxQpruHZUinFECpXEh1usRVtzQWK8N2wpump，PumpSwap=1，Meteora=1
2026-05-13T06:03:19.916943Z  INFO 保留双边池：币种=8J69rbLTzWWgUJziFY8jeu5tDwEPBwUz4pKBMr5rpump，PumpSwap=1，Meteora=1
2026-05-13T06:03:19.916944Z  INFO 保留双边池：币种=32CdQdBUxbCsLy5AUHWmyidfwhgGUr9N573NBUrDpump，PumpSwap=1，Meteora=1
2026-05-13T06:03:19.916945Z  INFO 保留双边池：币种=6iA73gWCKkLWKbVr8rgibV57MMRxzsaqS9cWpgKBpump，PumpSwap=1，Meteora=1
2026-05-13T06:03:19.916945Z  INFO 保留双边池：币种=33eum82LaAhtv5YkUq1BdwEviSErH5CnFxqVNLT5pump，PumpSwap=1，Meteora=1
2026-05-13T06:03:19.916946Z  INFO 保留双边池：币种=5UUH9RTDiSpq6HKS6bp4NdU9PNJpXRXuiw6ShBTBhgH2，PumpSwap=1，Meteora=1
2026-05-13T06:03:19.916947Z  INFO 保留双边池：币种=CGEDT9QZDvvH5GmVkWJH2BXiMJqMJySC9ihWyr7Spump，PumpSwap=1，Meteora=1
2026-05-13T06:03:19.916948Z  INFO 保留双边池：币种=7HgfXftRBBqsYtAEYcqjGLQrNJLL6Tww9ek4rE3Apump，PumpSwap=1，Meteora=2
2026-05-13T06:03:19.916949Z  INFO 保留双边池：币种=Cm6fNnMk7NfzStP9CZpsQA2v3jjzbcYGAxdJySmHpump，PumpSwap=1，Meteora=1
2026-05-13T06:03:19.916950Z  INFO 保留双边池：币种=CB9dDufT3ZuQXqqSfa1c5kY935TEreyBw9XJXxHKpump，PumpSwap=1，Meteora=1
2026-05-13T06:03:19.916951Z  INFO 保留双边池：币种=4TyZGqRLG3VcHTGMcLBoPUmqYitMVojXinAmkL8xpump，PumpSwap=1，Meteora=1
2026-05-13T06:03:19.916952Z  INFO 保留双边池：币种=EkDGB5fbPXiRmDDjxKcC7dFjzvFZj2KT9t7oeyyPx4SX，PumpSwap=1，Meteora=1
2026-05-13T06:03:19.916953Z  INFO 保留双边池：币种=Hon2rHAiqkcDtUzL5gA2vjXPr7T1MPCK2UT2AHKCpump，PumpSwap=1，Meteora=1
2026-05-13T06:03:19.916962Z  INFO gRPC 池子校验完成：候选=846(622/224)，流动性通过=209，验证通过=209(149/60)，本轮池子=33，保留池子=33，双边币种=15
2026-05-13T06:03:23.359253Z  INFO 保留双边池：币种=Cm6fNnMk7NfzStP9CZpsQA2v3jjzbcYGAxdJySmHpump，PumpSwap=1，Meteora=1
2026-05-13T06:03:23.359269Z  INFO 保留双边池：币种=Hon2rHAiqkcDtUzL5gA2vjXPr7T1MPCK2UT2AHKCpump，PumpSwap=1，Meteora=1
2026-05-13T06:03:23.359271Z  INFO 保留双边池：币种=6AVAUKa9uxQpruHZUinFECpXEh1usRVtzQWK8N2wpump，PumpSwap=1，Meteora=1
2026-05-13T06:03:23.359273Z  INFO 保留双边池：币种=32CdQdBUxbCsLy5AUHWmyidfwhgGUr9N573NBUrDpump，PumpSwap=1，Meteora=1
2026-05-13T06:03:23.359274Z  INFO 保留双边池：币种=7HgfXftRBBqsYtAEYcqjGLQrNJLL6Tww9ek4rE3Apump，PumpSwap=1，Meteora=2
2026-05-13T06:03:23.359276Z  INFO 保留双边池：币种=EkDGB5fbPXiRmDDjxKcC7dFjzvFZj2KT9t7oeyyPx4SX，PumpSwap=1，Meteora=1
2026-05-13T06:03:23.359277Z  INFO 保留双边池：币种=6iA73gWCKkLWKbVr8rgibV57MMRxzsaqS9cWpgKBpump，PumpSwap=1，Meteora=1
2026-05-13T06:03:23.359278Z  INFO 保留双边池：币种=33eum82LaAhtv5YkUq1BdwEviSErH5CnFxqVNLT5pump，PumpSwap=1，Meteora=1
2026-05-13T06:03:23.359282Z  INFO 保留双边池：币种=2tXpgu2DLTsPUf9zFmuZmA4xrYxXKBTpVq9wAM7hzs9y，PumpSwap=1，Meteora=2
2026-05-13T06:03:23.359283Z  INFO 保留双边池：币种=5UUH9RTDiSpq6HKS6bp4NdU9PNJpXRXuiw6ShBTBhgH2，PumpSwap=1，Meteora=1
2026-05-13T06:03:23.359284Z  INFO 保留双边池：币种=4TyZGqRLG3VcHTGMcLBoPUmqYitMVojXinAmkL8xpump，PumpSwap=1，Meteora=1
2026-05-13T06:03:23.359285Z  INFO 保留双边池：币种=3KHMZhpthXuiCcgfTv7vVu9PpEz64KAEURFwi6Lopump，PumpSwap=1，Meteora=2
2026-05-13T06:03:23.359287Z  INFO 保留双边池：币种=CGEDT9QZDvvH5GmVkWJH2BXiMJqMJySC9ihWyr7Spump，PumpSwap=1，Meteora=1
2026-05-13T06:03:23.359288Z  INFO 保留双边池：币种=8J69rbLTzWWgUJziFY8jeu5tDwEPBwUz4pKBMr5rpump，PumpSwap=1，Meteora=1
2026-05-13T06:03:23.359291Z  INFO 保留双边池：币种=CB9dDufT3ZuQXqqSfa1c5kY935TEreyBw9XJXxHKpump，PumpSwap=1，Meteora=1
2026-05-13T06:03:23.359303Z  INFO gRPC 池子校验完成：候选=852(627/225)，流动性通过=210，验证通过=210(150/60)，本轮池子=33，保留池子=33，双边币种=15
2026-05-13T06:03:27.421114Z  INFO 保留双边池：币种=CGEDT9QZDvvH5GmVkWJH2BXiMJqMJySC9ihWyr7Spump，PumpSwap=1，Meteora=1
2026-05-13T06:03:27.421136Z  INFO 保留双边池：币种=8J69rbLTzWWgUJziFY8jeu5tDwEPBwUz4pKBMr5rpump，PumpSwap=1，Meteora=1
2026-05-13T06:03:27.421137Z  INFO 保留双边池：币种=7HgfXftRBBqsYtAEYcqjGLQrNJLL6Tww9ek4rE3Apump，PumpSwap=1，Meteora=2
2026-05-13T06:03:27.421138Z  INFO 保留双边池：币种=6AVAUKa9uxQpruHZUinFECpXEh1usRVtzQWK8N2wpump，PumpSwap=1，Meteora=1
2026-05-13T06:03:27.421139Z  INFO 保留双边池：币种=CB9dDufT3ZuQXqqSfa1c5kY935TEreyBw9XJXxHKpump，PumpSwap=1，Meteora=1
2026-05-13T06:03:27.421140Z  INFO 保留双边池：币种=Hon2rHAiqkcDtUzL5gA2vjXPr7T1MPCK2UT2AHKCpump，PumpSwap=1，Meteora=1
2026-05-13T06:03:27.421140Z  INFO 保留双边池：币种=2tXpgu2DLTsPUf9zFmuZmA4xrYxXKBTpVq9wAM7hzs9y，PumpSwap=1，Meteora=2
2026-05-13T06:03:27.421141Z  INFO 保留双边池：币种=33eum82LaAhtv5YkUq1BdwEviSErH5CnFxqVNLT5pump，PumpSwap=1，Meteora=1
2026-05-13T06:03:27.421142Z  INFO 保留双边池：币种=Cm6fNnMk7NfzStP9CZpsQA2v3jjzbcYGAxdJySmHpump，PumpSwap=1，Meteora=1
2026-05-13T06:03:27.421143Z  INFO 保留双边池：币种=5UUH9RTDiSpq6HKS6bp4NdU9PNJpXRXuiw6ShBTBhgH2，PumpSwap=1，Meteora=1
2026-05-13T06:03:27.421143Z  INFO 保留双边池：币种=6iA73gWCKkLWKbVr8rgibV57MMRxzsaqS9cWpgKBpump，PumpSwap=1，Meteora=1
2026-05-13T06:03:27.421144Z  INFO 保留双边池：币种=32CdQdBUxbCsLy5AUHWmyidfwhgGUr9N573NBUrDpump，PumpSwap=1，Meteora=1
2026-05-13T06:03:27.421145Z  INFO 保留双边池：币种=3KHMZhpthXuiCcgfTv7vVu9PpEz64KAEURFwi6Lopump，PumpSwap=1，Meteora=2
2026-05-13T06:03:27.421146Z  INFO 保留双边池：币种=4TyZGqRLG3VcHTGMcLBoPUmqYitMVojXinAmkL8xpump，PumpSwap=1，Meteora=1
2026-05-13T06:03:27.421147Z  INFO 保留双边池：币种=EkDGB5fbPXiRmDDjxKcC7dFjzvFZj2KT9t7oeyyPx4SX，PumpSwap=1，Meteora=1
2026-05-13T06:03:27.421160Z  INFO gRPC 池子校验完成：候选=855(630/225)，流动性通过=210，验证通过=210(150/60)，本轮池子=33，保留池子=33，双边币种=15
